/usr/local/env_dirs/fall2024/lib/python3.12/site-packages/transformers/tokenization_utils_base.py:1601: FutureWarning: `clean_up_tokenization_spaces` was not set. It will be set to `True` by default. This behavior will be depracted in transformers v4.45, and will be then set to `False` by default. For more details check this issue: https://github.com/huggingface/transformers/issues/31884
  warnings.warn(
Some weights of BertForSequenceClassification were not initialized from the model checkpoint at /opt/models/bert-base-uncased and are newly initialized: ['classifier.bias', 'classifier.weight']
You should probably TRAIN this model on a down-stream task to be able to use it for predictions and inference.
/home/2021/kturan/courses/COMP551/COMP-551-A4/jobs/../python/BERT_evaluation_script.py:26: FutureWarning: You are using `torch.load` with `weights_only=False` (the current default value), which uses the default pickle module implicitly. It is possible to construct malicious pickle data which will execute arbitrary code during unpickling (See https://github.com/pytorch/pytorch/blob/main/SECURITY.md#untrusted-models for more details). In a future release, the default value for `weights_only` will be flipped to `True`. This limits the functions that could be executed during unpickling. Arbitrary objects will no longer be allowed to be loaded via this mode unless they are explicitly allowlisted by the user via `torch.serialization.add_safe_globals`. We recommend you start setting `weights_only=True` for any use case where you don't have full control of the loaded file. Please open an issue on GitHub for any issues related to this experimental feature.
  classification_head = torch.load(classification_head_path)
Map:   0%|          | 0/5427 [00:00<?, ? examples/s]Map:  37%|███▋      | 2000/5427 [00:00<00:00, 6408.34 examples/s]Map:  74%|███████▎  | 4000/5427 [00:00<00:00, 9634.65 examples/s]Map: 100%|██████████| 5427/5427 [00:00<00:00, 9081.46 examples/s]Map: 100%|██████████| 5427/5427 [00:00<00:00, 8209.25 examples/s]
Evaluating:   0%|          | 0/340 [00:00<?, ?it/s]Evaluating:   0%|          | 0/340 [00:00<?, ?it/s]
Traceback (most recent call last):
  File "/home/2021/kturan/courses/COMP551/COMP-551-A4/jobs/../python/BERT_evaluation_script.py", line 83, in <module>
    predictions, true_labels = predict(model, test_dataloader, device)
                               ^^^^^^^^^^^^^^^^^^^^^^^^^^^^^^^^^^^^^^^
  File "/home/2021/kturan/courses/COMP551/COMP-551-A4/jobs/../python/BERT_evaluation_script.py", line 61, in predict
    for batch in tqdm(dataloader, desc="Evaluating"):
                 ^^^^^^^^^^^^^^^^^^^^^^^^^^^^^^^^^^^
  File "/usr/local/env_dirs/fall2024/lib/python3.12/site-packages/tqdm/std.py", line 1181, in __iter__
    for obj in iterable:
  File "/usr/local/env_dirs/fall2024/lib/python3.12/site-packages/torch/utils/data/dataloader.py", line 630, in __next__
    data = self._next_data()
           ^^^^^^^^^^^^^^^^^
  File "/usr/local/env_dirs/fall2024/lib/python3.12/site-packages/torch/utils/data/dataloader.py", line 673, in _next_data
    data = self._dataset_fetcher.fetch(index)  # may raise StopIteration
           ^^^^^^^^^^^^^^^^^^^^^^^^^^^^^^^^^^
  File "/usr/local/env_dirs/fall2024/lib/python3.12/site-packages/torch/utils/data/_utils/fetch.py", line 55, in fetch
    return self.collate_fn(data)
           ^^^^^^^^^^^^^^^^^^^^^
  File "/usr/local/env_dirs/fall2024/lib/python3.12/site-packages/torch/utils/data/_utils/collate.py", line 317, in default_collate
    return collate(batch, collate_fn_map=default_collate_fn_map)
           ^^^^^^^^^^^^^^^^^^^^^^^^^^^^^^^^^^^^^^^^^^^^^^^^^^^^^
  File "/usr/local/env_dirs/fall2024/lib/python3.12/site-packages/torch/utils/data/_utils/collate.py", line 155, in collate
    clone.update({key: collate([d[key] for d in batch], collate_fn_map=collate_fn_map) for key in elem})
                       ^^^^^^^^^^^^^^^^^^^^^^^^^^^^^^^^^^^^^^^^^^^^^^^^^^^^^^^^^^^^^^^
  File "/usr/local/env_dirs/fall2024/lib/python3.12/site-packages/torch/utils/data/_utils/collate.py", line 170, in collate
    raise RuntimeError('each element in list of batch should be of equal size')
RuntimeError: each element in list of batch should be of equal size
