Fine-tuning the model on the GoEmotions dataset...
Dataset:
 {'train': MemoryMappedTable
text: string
labels: list<item: int64>
  child 0, item: int64
id: string
----
text: [["My favourite food is anything I didn't have to cook myself.","Now if he does off himself, everyone will think hes having a laugh screwing with people instead of actually dead","WHY THE FUCK IS BAYLESS ISOING","To make her feel threatened","Dirty Southern Wankers",...,"I love [NAME]","Woman here - $50 per orgasm please! I could easily make $300 in a half hour wankfest...","A royal with creme","Oh god yes. Top quality cringe. Thank you for sharing","My name is [NAME]"],["I changed from [NAME] to [NAME] last night because I panicked. I am very pleased with my decision.","Omg i hope this is about [NAME]. I would LOVE to see [NAME] and [NAME] go head to head","Finale","Which suggests nothing in itself. The same mods you claim are abusive are probably as hyperbolic about the racism issue as you are.","I double dog dare him.",...,"Sorry for the late question but I wanted to know if can you buy 2 tickets with one Madridista membership? Or is it one ticket per Madridista membership?","That is a great video","I love this! 🇦🇺","Mod like that should get doxxed honestly.","You still sit when you piss."],...,["This is quite common on people on such forums. I have a feeling they are a tad sarcastic.","Needles = government/big pharma who are only out to get you","By far my favorite STP song and one of my all-time favorite songs in general. Love this song.","Should kids really be lifting weights like that so young? Isn't it bad for you?","So it's more of a power play than truly what she wants?",...,"Wow, amazing job, Mr. [NAME]! Another liberal absolutely DESTROYED with facts and logic! So eloquent and wise...","Good advice, thank you.","They didn’t you lying sack of shit. This sub has no moderators.","#Screw you, [NAME].","Nobody will ever dethrone nurses and teachers, but hotel employees are quietly becoming some of the weirdest people in my Tinder matches."],["OP, don’t keep us in suspense. Which city were you referring to? :)","Ace here! I do masturbate and enjoy it, I just feel no sexual attraction or desire to have sex with other people.","Me neither. It's more silly than anything else imo","The most intimidating man in football","Have a look at the decks from the latest weplay tournament and if there’s anything you like the look of.",...,"Added you mate well I’ve just got the bow and I love the hunting aspect of the game so happily join you hunting and what not","Always thought that was funny but is it a reference to anything?","What are you talking about? Anything bad that happened was [NAME] fault - only good things were [NAME] doing!","More like a baptism, with sexy results!","Enjoy the ride!"]]
labels: [[[27],[27],...,[4,15],[27]],[[4],[20],...,[27],[27]],...,[[4,27],[27],...,[3],[3,27]],[[7],[4,17],...,[13],[17]]]
id: [["eebbqej","ed00q6i","eezlygj","ed7ypvh","ed0bdzj",...,"eeivw4n","eewgr71","eeu85xq","eemffjk","edb135z"],["eetas5k","ee2k7jn","ef637gp","ed6urto","ed4hvmx",...,"eesbir0","ee4azf9","eddz40h","edv1x85","eea70j7"],...,["ed1cfv1","ed3motg","eeif5qi","ed9n307","ef4osdf",...,"effgkav","ed7aisz","ef4jhcl","eeklh8u","ef4z0ix"],["eewiapg","eff1vof","ef2kmb5","efgcr7t","ef7uihl",...,"edsb738","ee7fdou","efgbhks","ed1naf8","eecwmbq"]], 'validation': MemoryMappedTable
text: string
labels: list<item: int64>
  child 0, item: int64
id: string
----
text: [["Is this in New Orleans?? I really feel like this is New Orleans.","You know the answer man, you are programmed to capture those codes they send you, don’t avoid them!","I've never been this sad in my life!","The economy is heavily controlled and subsidized by the government. In any case, I was poking at the lack of nuance in US politics today","He could have easily taken a real camera from a legitimate source and change the price in Word/Photoshop and then print it out.",...,"I'm referring to leadership and there's been several headlines about it already in the last week or so.","Desperation doesn't think.","No, but thanks for playing.","I'm honestly so pissed off for you. That whole situation is insane. Good luck moving on. No one deserves to be treated like that.","I'd pause and say yes...? Haha."],["I love making fun of social outcasts.","Goddam it!","Into what shit? I like her but Idk she’s hella confusing",">when you're a day older than your friends on your 18th birthday ich believe I'm a bit too old for you!","No, he wasn't the entire problem, but his performance can't be excused by coaching alone. He's just not very good.",...,"I like it, but it does violate our images policy. embedding it in a standard post would be OK.","I had smoothies in the past with these packets. Solid as fuck. Dragonfruit one too.","It’s a bit much. Her outfit looks basic to me 🤷🏻‍♀️","A lease violation is between the landlord and the tenant, not between one tenant and another. OP has no legal rights to stop this behavior at all","Lots of words and said nothing. Cheers."],...,["No way! First I’m hearing about this","Wait.... What??!","that tone of voice sounds a loooot like a liar would sound... lol","Wait what...","Ok now that was epic!",...,"Contracts & money in rtts mean absolutely nothing. Just one of the many missed opportunities year after year","NBA Record 3-3 [NAME] o3.5 ast @ 1.85 [NAME] o22.5 pts @ 1.85 [NAME] u25.5 pts @ 1.85","Draw a cat in the screenchot","Wasn’t the black saber first seen in the Clone Wars? But otherwise all true.","Not to mention the fact, that he's casually smoking a cigarette 3 inches away from an infant."],["[NAME] is vastly overrated. Much bette4 [RELIGION] delis in the outer Burroughs","I would pay money to see the security cam footage of that.","It must be really sad and lonely under your bridge troll.","What a funny story.","[NAME] and [NAME]. There really is NO point of them staying and they are unbearable to watch.",...,"It's pretty dangerous when the state decides which fictional deity is legitimate. For example the [NAME].....","I filed for divorce this morning. Hoping he moves out in the next day or so.","The last time it happened I just said, "No" and closed the door","I can’t stand this arrogant prick he’s no better thenFord in Ontario and that guy is a buffoon","::but I like baby bangs:: /tiny voice"]]
labels: [[[27],[4,27],...,[2,15],[1,7]],[[18],[2],...,[27],[27]],...,[[26],[27],...,[7],[10]],[[4],[27],...,[3],[18]]]
id: [["edgurhb","ee84bjg","edcu99z","edc32e2","eepig6r",...,"ef6ixe8","edbd5om","eeuug7s","ef8scux","eegm2om"],["ed0x3ta","ee3qfuw","ef0xh81","eezglp4","eefrq8h",...,"efdwmtg","edc6whb","eelaxbc","edxljrk","ee1q2ky"],...,["ef5gwue","ed6tvft","eeivqfb","eessjz9","efhcuxi",...,"ed8t779","efatg7f","eejlmjd","edzz0i1","ed03375"],["edc0amo","edd06wm","ed7yj4s","eeo9mco","eercs51",...,"edyrazk","edi2z3y","eewbqtx","eefx57m","ed5h3jh"]], 'test': MemoryMappedTable
text: string
labels: list<item: int64>
  child 0, item: int64
id: string
----
text: [["I’m really sorry about your situation :( Although I love the names Sapphira, Cirilla, and Scarlett!","It's wonderful because it's awful. At not with.","Kings fan here, good luck to you guys! Will be an interesting game to watch! ","I didn't know that, thank you for teaching me something today!","They got bored from haunting earth for thousands of years and ultimately moved on to the afterlife.",...,"says you, too bad you're totally wrong.","Thanks for giving advice to the people who need it 👌🙏","Where did I state I wanted to keep Syria going? Is making things up just a usual part of your arguements?","Good kid.","What a legend"],["the knock off names are super cringey but i love looking for them","It WaSn'T TrUe CoMuNiSm !!!!! Derp It WaS StAtE CaPiTaLiSm!!! /s","They literally don’t have enough time on the planet to regret their actions.","The best advice I have, which it seems most people completely overlook: Have fun.","But one-third jokey, one-third pissed and one-third dead serious just doesnt have the same ring does it?",...,"“Lol that’s Sammie coates replacement not minds take it how you want to I am back”- [NAME] - AB","Apparently, they couldn't believe a massive corporation (that they're loyal to) finally called them out.","THIS IS SO GOOD. Thank you!!!","Nobody is mad about that.","Mr. Met is a legend! Outrageous. Now... If you wanna talk about hateworthy mascots... The Phanatic fits the bill."],...,["Can holiday just stop fucking shooting? I can’t wait till he gets traded.","And you assume they are part of the dominant culture because of the color of their skin. That is self evident racism.",""Grab your Glock when you see [NAME], call the cops when you see [NAME]..."","[NAME] is fucking destroying Bama and I LOVE IT","Going by it's [NAME] rating though, the district should be leaning blue. ",...,"Don't stress it. Good Luck!","Aww man this sucks, but at least he’s going to Europe, so I’m happy for him! Goodbye [NAME]! ","Is it because of the accents you thought they were the same?","Nah, I it was cool to be a pedo back in the old days, ask [NAME] ","> Humans are empathetic and do this daily. I have to remind myself of this sometimes."],["Well I am a lady, so that would probably just freak them out. Oh, Reddit. Everyone is a man haha. ","No. You're not the only one.","You just gotta have little faith. They are gonna need more money and maybe then we can get to Tahiti.","Thank you and your upvoters","Oui baguette senor",...,"Thanks. I was diagnosed with BP 1 after the hospitalization as well.","Well that makes sense.","Daddy issues [NAME]","So glad I discovered that subreddit a couple months ago. So good...","Had to watch "Elmo in Grouchland" one time too many when my kids were little...musical Elmo / Oscar overdose..."]]
labels: [[[25],[0],...,[0],[0]],[[18],[27],...,[27],[10]],...,[[7],[27],...,[27],[3,27]],[[1],[27],...,[0],[27]]]
id: [["eecwqtt","ed5f85d","een27c3","eelgwd1","eem5uti",...,"ee3o76x","eczd20f","eeao7ln","eedjls2","edygcq1"],["eevzcvn","eecp2nd","edvha8c","eewszvh","ef07txs",...,"edihf3r","ee7bp2v","efe1uuq","ee9h84t","ee3ggkk"],...,["ed4eola","ee376k9","efdojze","edjcfwz","ed8h6i2",...,"edfjbsv","eevjrw6","eef8b00","edx29pk","ed76wz1"],["eez3kgr","eec2r8d","ee39zwe","eezh3s6","efdkyxs",...,"efeeasc","ef9c7s3","efbiugo","efbvgp9","edtjpv6"]]}
Train shape:
 (43410, 3)
<class 'pandas.core.frame.DataFrame'>
RangeIndex: 43410 entries, 0 to 43409
Data columns (total 3 columns):
 #   Column  Non-Null Count  Dtype 
---  ------  --------------  ----- 
 0   text    43410 non-null  object
 1   labels  43410 non-null  object
 2   id      43410 non-null  object
dtypes: object(3)
memory usage: 1017.6+ KB
Train examples:
 None
Filtered dataset:
 DatasetDict({
    train: Dataset({
        features: ['text', 'labels', 'id'],
        num_rows: 36308
    })
    validation: Dataset({
        features: ['text', 'labels', 'id'],
        num_rows: 4548
    })
    test: Dataset({
        features: ['text', 'labels', 'id'],
        num_rows: 4590
    })
})
