Starting BERT test script
Device: cuda
Predicted class: sadness
Predicted probabilities: tensor([[0.0283, 0.0355, 0.0382, 0.0338, 0.0335, 0.0384, 0.0296, 0.0368, 0.0276,
         0.0321, 0.0194, 0.0252, 0.0188, 0.0512, 0.0342, 0.0428, 0.0411, 0.0454,
         0.0287, 0.0215, 0.0384, 0.0396, 0.0535, 0.0478, 0.0398, 0.0611, 0.0274,
         0.0302]], device='cuda:0')
Fine-tuning the model on the GoEmotions dataset...
{'eval_loss': 2.579554557800293, 'eval_accuracy': 0.3500439753737907, 'eval_runtime': 16.0735, 'eval_samples_per_second': 282.951, 'eval_steps_per_second': 17.731, 'epoch': 1.0}
{'eval_loss': 2.559425115585327, 'eval_accuracy': 0.3500439753737907, 'eval_runtime': 15.9964, 'eval_samples_per_second': 284.313, 'eval_steps_per_second': 17.816, 'epoch': 2.0}
{'eval_loss': 2.5440263748168945, 'eval_accuracy': 0.3500439753737907, 'eval_runtime': 15.9888, 'eval_samples_per_second': 284.449, 'eval_steps_per_second': 17.825, 'epoch': 3.0}
{'eval_loss': 2.5344161987304688, 'eval_accuracy': 0.3500439753737907, 'eval_runtime': 15.9859, 'eval_samples_per_second': 284.5, 'eval_steps_per_second': 17.828, 'epoch': 4.0}
{'eval_loss': 2.525655746459961, 'eval_accuracy': 0.3500439753737907, 'eval_runtime': 15.9981, 'eval_samples_per_second': 284.284, 'eval_steps_per_second': 17.815, 'epoch': 5.0}
{'eval_loss': 2.52158260345459, 'eval_accuracy': 0.3500439753737907, 'eval_runtime': 15.9971, 'eval_samples_per_second': 284.301, 'eval_steps_per_second': 17.816, 'epoch': 6.0}
{'eval_loss': 2.5201101303100586, 'eval_accuracy': 0.3500439753737907, 'eval_runtime': 15.9962, 'eval_samples_per_second': 284.318, 'eval_steps_per_second': 17.817, 'epoch': 7.0}
{'train_runtime': 1055.3711, 'train_samples_per_second': 240.821, 'train_steps_per_second': 15.056, 'train_loss': 2.566043895531781, 'epoch': 7.0}
Classification head saved.
Predicted class after fine-tuning: neutral
Predicted probabilities after fine-tuning: tensor([[0.0878, 0.0466, 0.0274, 0.0405, 0.0541, 0.0209, 0.0258, 0.0411, 0.0138,
         0.0235, 0.0394, 0.0159, 0.0085, 0.0191, 0.0149, 0.0772, 0.0015, 0.0363,
         0.0422, 0.0030, 0.0275, 0.0021, 0.0209, 0.0037, 0.0143, 0.0300, 0.0255,
         0.2365]], device='cuda:0')
