Starting BERT fine-tuning script
Loading model
Device: cuda
Fine-tuning the model on the GoEmotions dataset...
Filtered dataset:
 DatasetDict({
    train: Dataset({
        features: ['text', 'labels', 'id'],
        num_rows: 36308
    })
    validation: Dataset({
        features: ['text', 'labels', 'id'],
        num_rows: 4548
    })
    test: Dataset({
        features: ['text', 'labels', 'id'],
        num_rows: 4590
    })
})
{'eval_loss': 2.5851643085479736, 'eval_accuracy': 0.3500439753737907, 'eval_f1': 0.01852325879040328, 'eval_runtime': 3.0508, 'eval_samples_per_second': 1490.775, 'eval_steps_per_second': 93.419, 'epoch': 1.0}
{'eval_loss': 2.5704715251922607, 'eval_accuracy': 0.3500439753737907, 'eval_f1': 0.01852325879040328, 'eval_runtime': 3.067, 'eval_samples_per_second': 1482.904, 'eval_steps_per_second': 92.926, 'epoch': 2.0}
{'eval_loss': 2.56547474861145, 'eval_accuracy': 0.3500439753737907, 'eval_f1': 0.01852325879040328, 'eval_runtime': 3.0919, 'eval_samples_per_second': 1470.921, 'eval_steps_per_second': 92.175, 'epoch': 3.0}
{'train_runtime': 93.6509, 'train_samples_per_second': 1163.085, 'train_steps_per_second': 72.717, 'train_loss': 2.615609799467695, 'epoch': 3.0}
Classification head saved.
Predictions shape:  (4590, 28) 
Labels shape:  (4590, 1) 
Class Predictions:  [27 27 27 ... 27 27 27]
Metrics:
F1: 0.018514248824126164 
Accuracy: 0.3498910675381264
