Starting BERT epoch experiments script
Train method: head+1
Learning rate: 0.001 
Num epochs: 8 
Batch size: 32 
Weight decay: 1 
Warmup steps: 500
Loading model
Device: cuda
Name: bert.embeddings.word_embeddings.weight  - Size: torch.Size([30522, 768])  - Requires grad: False
Name: bert.embeddings.position_embeddings.weight  - Size: torch.Size([512, 768])  - Requires grad: False
Name: bert.embeddings.token_type_embeddings.weight  - Size: torch.Size([2, 768])  - Requires grad: False
Name: bert.embeddings.LayerNorm.weight  - Size: torch.Size([768])  - Requires grad: False
Name: bert.embeddings.LayerNorm.bias  - Size: torch.Size([768])  - Requires grad: False
Name: bert.encoder.layer.0.attention.self.query.weight  - Size: torch.Size([768, 768])  - Requires grad: False
Name: bert.encoder.layer.0.attention.self.query.bias  - Size: torch.Size([768])  - Requires grad: False
Name: bert.encoder.layer.0.attention.self.key.weight  - Size: torch.Size([768, 768])  - Requires grad: False
Name: bert.encoder.layer.0.attention.self.key.bias  - Size: torch.Size([768])  - Requires grad: False
Name: bert.encoder.layer.0.attention.self.value.weight  - Size: torch.Size([768, 768])  - Requires grad: False
Name: bert.encoder.layer.0.attention.self.value.bias  - Size: torch.Size([768])  - Requires grad: False
Name: bert.encoder.layer.0.attention.output.dense.weight  - Size: torch.Size([768, 768])  - Requires grad: False
Name: bert.encoder.layer.0.attention.output.dense.bias  - Size: torch.Size([768])  - Requires grad: False
Name: bert.encoder.layer.0.attention.output.LayerNorm.weight  - Size: torch.Size([768])  - Requires grad: False
Name: bert.encoder.layer.0.attention.output.LayerNorm.bias  - Size: torch.Size([768])  - Requires grad: False
Name: bert.encoder.layer.0.intermediate.dense.weight  - Size: torch.Size([3072, 768])  - Requires grad: False
Name: bert.encoder.layer.0.intermediate.dense.bias  - Size: torch.Size([3072])  - Requires grad: False
Name: bert.encoder.layer.0.output.dense.weight  - Size: torch.Size([768, 3072])  - Requires grad: False
Name: bert.encoder.layer.0.output.dense.bias  - Size: torch.Size([768])  - Requires grad: False
Name: bert.encoder.layer.0.output.LayerNorm.weight  - Size: torch.Size([768])  - Requires grad: False
Name: bert.encoder.layer.0.output.LayerNorm.bias  - Size: torch.Size([768])  - Requires grad: False
Name: bert.encoder.layer.1.attention.self.query.weight  - Size: torch.Size([768, 768])  - Requires grad: False
Name: bert.encoder.layer.1.attention.self.query.bias  - Size: torch.Size([768])  - Requires grad: False
Name: bert.encoder.layer.1.attention.self.key.weight  - Size: torch.Size([768, 768])  - Requires grad: False
Name: bert.encoder.layer.1.attention.self.key.bias  - Size: torch.Size([768])  - Requires grad: False
Name: bert.encoder.layer.1.attention.self.value.weight  - Size: torch.Size([768, 768])  - Requires grad: False
Name: bert.encoder.layer.1.attention.self.value.bias  - Size: torch.Size([768])  - Requires grad: False
Name: bert.encoder.layer.1.attention.output.dense.weight  - Size: torch.Size([768, 768])  - Requires grad: False
Name: bert.encoder.layer.1.attention.output.dense.bias  - Size: torch.Size([768])  - Requires grad: False
Name: bert.encoder.layer.1.attention.output.LayerNorm.weight  - Size: torch.Size([768])  - Requires grad: False
Name: bert.encoder.layer.1.attention.output.LayerNorm.bias  - Size: torch.Size([768])  - Requires grad: False
Name: bert.encoder.layer.1.intermediate.dense.weight  - Size: torch.Size([3072, 768])  - Requires grad: False
Name: bert.encoder.layer.1.intermediate.dense.bias  - Size: torch.Size([3072])  - Requires grad: False
Name: bert.encoder.layer.1.output.dense.weight  - Size: torch.Size([768, 3072])  - Requires grad: False
Name: bert.encoder.layer.1.output.dense.bias  - Size: torch.Size([768])  - Requires grad: False
Name: bert.encoder.layer.1.output.LayerNorm.weight  - Size: torch.Size([768])  - Requires grad: False
Name: bert.encoder.layer.1.output.LayerNorm.bias  - Size: torch.Size([768])  - Requires grad: False
Name: bert.encoder.layer.2.attention.self.query.weight  - Size: torch.Size([768, 768])  - Requires grad: False
Name: bert.encoder.layer.2.attention.self.query.bias  - Size: torch.Size([768])  - Requires grad: False
Name: bert.encoder.layer.2.attention.self.key.weight  - Size: torch.Size([768, 768])  - Requires grad: False
Name: bert.encoder.layer.2.attention.self.key.bias  - Size: torch.Size([768])  - Requires grad: False
Name: bert.encoder.layer.2.attention.self.value.weight  - Size: torch.Size([768, 768])  - Requires grad: False
Name: bert.encoder.layer.2.attention.self.value.bias  - Size: torch.Size([768])  - Requires grad: False
Name: bert.encoder.layer.2.attention.output.dense.weight  - Size: torch.Size([768, 768])  - Requires grad: False
Name: bert.encoder.layer.2.attention.output.dense.bias  - Size: torch.Size([768])  - Requires grad: False
Name: bert.encoder.layer.2.attention.output.LayerNorm.weight  - Size: torch.Size([768])  - Requires grad: False
Name: bert.encoder.layer.2.attention.output.LayerNorm.bias  - Size: torch.Size([768])  - Requires grad: False
Name: bert.encoder.layer.2.intermediate.dense.weight  - Size: torch.Size([3072, 768])  - Requires grad: False
Name: bert.encoder.layer.2.intermediate.dense.bias  - Size: torch.Size([3072])  - Requires grad: False
Name: bert.encoder.layer.2.output.dense.weight  - Size: torch.Size([768, 3072])  - Requires grad: False
Name: bert.encoder.layer.2.output.dense.bias  - Size: torch.Size([768])  - Requires grad: False
Name: bert.encoder.layer.2.output.LayerNorm.weight  - Size: torch.Size([768])  - Requires grad: False
Name: bert.encoder.layer.2.output.LayerNorm.bias  - Size: torch.Size([768])  - Requires grad: False
Name: bert.encoder.layer.3.attention.self.query.weight  - Size: torch.Size([768, 768])  - Requires grad: False
Name: bert.encoder.layer.3.attention.self.query.bias  - Size: torch.Size([768])  - Requires grad: False
Name: bert.encoder.layer.3.attention.self.key.weight  - Size: torch.Size([768, 768])  - Requires grad: False
Name: bert.encoder.layer.3.attention.self.key.bias  - Size: torch.Size([768])  - Requires grad: False
Name: bert.encoder.layer.3.attention.self.value.weight  - Size: torch.Size([768, 768])  - Requires grad: False
Name: bert.encoder.layer.3.attention.self.value.bias  - Size: torch.Size([768])  - Requires grad: False
Name: bert.encoder.layer.3.attention.output.dense.weight  - Size: torch.Size([768, 768])  - Requires grad: False
Name: bert.encoder.layer.3.attention.output.dense.bias  - Size: torch.Size([768])  - Requires grad: False
Name: bert.encoder.layer.3.attention.output.LayerNorm.weight  - Size: torch.Size([768])  - Requires grad: False
Name: bert.encoder.layer.3.attention.output.LayerNorm.bias  - Size: torch.Size([768])  - Requires grad: False
Name: bert.encoder.layer.3.intermediate.dense.weight  - Size: torch.Size([3072, 768])  - Requires grad: False
Name: bert.encoder.layer.3.intermediate.dense.bias  - Size: torch.Size([3072])  - Requires grad: False
Name: bert.encoder.layer.3.output.dense.weight  - Size: torch.Size([768, 3072])  - Requires grad: False
Name: bert.encoder.layer.3.output.dense.bias  - Size: torch.Size([768])  - Requires grad: False
Name: bert.encoder.layer.3.output.LayerNorm.weight  - Size: torch.Size([768])  - Requires grad: False
Name: bert.encoder.layer.3.output.LayerNorm.bias  - Size: torch.Size([768])  - Requires grad: False
Name: bert.encoder.layer.4.attention.self.query.weight  - Size: torch.Size([768, 768])  - Requires grad: False
Name: bert.encoder.layer.4.attention.self.query.bias  - Size: torch.Size([768])  - Requires grad: False
Name: bert.encoder.layer.4.attention.self.key.weight  - Size: torch.Size([768, 768])  - Requires grad: False
Name: bert.encoder.layer.4.attention.self.key.bias  - Size: torch.Size([768])  - Requires grad: False
Name: bert.encoder.layer.4.attention.self.value.weight  - Size: torch.Size([768, 768])  - Requires grad: False
Name: bert.encoder.layer.4.attention.self.value.bias  - Size: torch.Size([768])  - Requires grad: False
Name: bert.encoder.layer.4.attention.output.dense.weight  - Size: torch.Size([768, 768])  - Requires grad: False
Name: bert.encoder.layer.4.attention.output.dense.bias  - Size: torch.Size([768])  - Requires grad: False
Name: bert.encoder.layer.4.attention.output.LayerNorm.weight  - Size: torch.Size([768])  - Requires grad: False
Name: bert.encoder.layer.4.attention.output.LayerNorm.bias  - Size: torch.Size([768])  - Requires grad: False
Name: bert.encoder.layer.4.intermediate.dense.weight  - Size: torch.Size([3072, 768])  - Requires grad: False
Name: bert.encoder.layer.4.intermediate.dense.bias  - Size: torch.Size([3072])  - Requires grad: False
Name: bert.encoder.layer.4.output.dense.weight  - Size: torch.Size([768, 3072])  - Requires grad: False
Name: bert.encoder.layer.4.output.dense.bias  - Size: torch.Size([768])  - Requires grad: False
Name: bert.encoder.layer.4.output.LayerNorm.weight  - Size: torch.Size([768])  - Requires grad: False
Name: bert.encoder.layer.4.output.LayerNorm.bias  - Size: torch.Size([768])  - Requires grad: False
Name: bert.encoder.layer.5.attention.self.query.weight  - Size: torch.Size([768, 768])  - Requires grad: False
Name: bert.encoder.layer.5.attention.self.query.bias  - Size: torch.Size([768])  - Requires grad: False
Name: bert.encoder.layer.5.attention.self.key.weight  - Size: torch.Size([768, 768])  - Requires grad: False
Name: bert.encoder.layer.5.attention.self.key.bias  - Size: torch.Size([768])  - Requires grad: False
Name: bert.encoder.layer.5.attention.self.value.weight  - Size: torch.Size([768, 768])  - Requires grad: False
Name: bert.encoder.layer.5.attention.self.value.bias  - Size: torch.Size([768])  - Requires grad: False
Name: bert.encoder.layer.5.attention.output.dense.weight  - Size: torch.Size([768, 768])  - Requires grad: False
Name: bert.encoder.layer.5.attention.output.dense.bias  - Size: torch.Size([768])  - Requires grad: False
Name: bert.encoder.layer.5.attention.output.LayerNorm.weight  - Size: torch.Size([768])  - Requires grad: False
Name: bert.encoder.layer.5.attention.output.LayerNorm.bias  - Size: torch.Size([768])  - Requires grad: False
Name: bert.encoder.layer.5.intermediate.dense.weight  - Size: torch.Size([3072, 768])  - Requires grad: False
Name: bert.encoder.layer.5.intermediate.dense.bias  - Size: torch.Size([3072])  - Requires grad: False
Name: bert.encoder.layer.5.output.dense.weight  - Size: torch.Size([768, 3072])  - Requires grad: False
Name: bert.encoder.layer.5.output.dense.bias  - Size: torch.Size([768])  - Requires grad: False
Name: bert.encoder.layer.5.output.LayerNorm.weight  - Size: torch.Size([768])  - Requires grad: False
Name: bert.encoder.layer.5.output.LayerNorm.bias  - Size: torch.Size([768])  - Requires grad: False
Name: bert.encoder.layer.6.attention.self.query.weight  - Size: torch.Size([768, 768])  - Requires grad: False
Name: bert.encoder.layer.6.attention.self.query.bias  - Size: torch.Size([768])  - Requires grad: False
Name: bert.encoder.layer.6.attention.self.key.weight  - Size: torch.Size([768, 768])  - Requires grad: False
Name: bert.encoder.layer.6.attention.self.key.bias  - Size: torch.Size([768])  - Requires grad: False
Name: bert.encoder.layer.6.attention.self.value.weight  - Size: torch.Size([768, 768])  - Requires grad: False
Name: bert.encoder.layer.6.attention.self.value.bias  - Size: torch.Size([768])  - Requires grad: False
Name: bert.encoder.layer.6.attention.output.dense.weight  - Size: torch.Size([768, 768])  - Requires grad: False
Name: bert.encoder.layer.6.attention.output.dense.bias  - Size: torch.Size([768])  - Requires grad: False
Name: bert.encoder.layer.6.attention.output.LayerNorm.weight  - Size: torch.Size([768])  - Requires grad: False
Name: bert.encoder.layer.6.attention.output.LayerNorm.bias  - Size: torch.Size([768])  - Requires grad: False
Name: bert.encoder.layer.6.intermediate.dense.weight  - Size: torch.Size([3072, 768])  - Requires grad: False
Name: bert.encoder.layer.6.intermediate.dense.bias  - Size: torch.Size([3072])  - Requires grad: False
Name: bert.encoder.layer.6.output.dense.weight  - Size: torch.Size([768, 3072])  - Requires grad: False
Name: bert.encoder.layer.6.output.dense.bias  - Size: torch.Size([768])  - Requires grad: False
Name: bert.encoder.layer.6.output.LayerNorm.weight  - Size: torch.Size([768])  - Requires grad: False
Name: bert.encoder.layer.6.output.LayerNorm.bias  - Size: torch.Size([768])  - Requires grad: False
Name: bert.encoder.layer.7.attention.self.query.weight  - Size: torch.Size([768, 768])  - Requires grad: False
Name: bert.encoder.layer.7.attention.self.query.bias  - Size: torch.Size([768])  - Requires grad: False
Name: bert.encoder.layer.7.attention.self.key.weight  - Size: torch.Size([768, 768])  - Requires grad: False
Name: bert.encoder.layer.7.attention.self.key.bias  - Size: torch.Size([768])  - Requires grad: False
Name: bert.encoder.layer.7.attention.self.value.weight  - Size: torch.Size([768, 768])  - Requires grad: False
Name: bert.encoder.layer.7.attention.self.value.bias  - Size: torch.Size([768])  - Requires grad: False
Name: bert.encoder.layer.7.attention.output.dense.weight  - Size: torch.Size([768, 768])  - Requires grad: False
Name: bert.encoder.layer.7.attention.output.dense.bias  - Size: torch.Size([768])  - Requires grad: False
Name: bert.encoder.layer.7.attention.output.LayerNorm.weight  - Size: torch.Size([768])  - Requires grad: False
Name: bert.encoder.layer.7.attention.output.LayerNorm.bias  - Size: torch.Size([768])  - Requires grad: False
Name: bert.encoder.layer.7.intermediate.dense.weight  - Size: torch.Size([3072, 768])  - Requires grad: False
Name: bert.encoder.layer.7.intermediate.dense.bias  - Size: torch.Size([3072])  - Requires grad: False
Name: bert.encoder.layer.7.output.dense.weight  - Size: torch.Size([768, 3072])  - Requires grad: False
Name: bert.encoder.layer.7.output.dense.bias  - Size: torch.Size([768])  - Requires grad: False
Name: bert.encoder.layer.7.output.LayerNorm.weight  - Size: torch.Size([768])  - Requires grad: False
Name: bert.encoder.layer.7.output.LayerNorm.bias  - Size: torch.Size([768])  - Requires grad: False
Name: bert.encoder.layer.8.attention.self.query.weight  - Size: torch.Size([768, 768])  - Requires grad: False
Name: bert.encoder.layer.8.attention.self.query.bias  - Size: torch.Size([768])  - Requires grad: False
Name: bert.encoder.layer.8.attention.self.key.weight  - Size: torch.Size([768, 768])  - Requires grad: False
Name: bert.encoder.layer.8.attention.self.key.bias  - Size: torch.Size([768])  - Requires grad: False
Name: bert.encoder.layer.8.attention.self.value.weight  - Size: torch.Size([768, 768])  - Requires grad: False
Name: bert.encoder.layer.8.attention.self.value.bias  - Size: torch.Size([768])  - Requires grad: False
Name: bert.encoder.layer.8.attention.output.dense.weight  - Size: torch.Size([768, 768])  - Requires grad: False
Name: bert.encoder.layer.8.attention.output.dense.bias  - Size: torch.Size([768])  - Requires grad: False
Name: bert.encoder.layer.8.attention.output.LayerNorm.weight  - Size: torch.Size([768])  - Requires grad: False
Name: bert.encoder.layer.8.attention.output.LayerNorm.bias  - Size: torch.Size([768])  - Requires grad: False
Name: bert.encoder.layer.8.intermediate.dense.weight  - Size: torch.Size([3072, 768])  - Requires grad: False
Name: bert.encoder.layer.8.intermediate.dense.bias  - Size: torch.Size([3072])  - Requires grad: False
Name: bert.encoder.layer.8.output.dense.weight  - Size: torch.Size([768, 3072])  - Requires grad: False
Name: bert.encoder.layer.8.output.dense.bias  - Size: torch.Size([768])  - Requires grad: False
Name: bert.encoder.layer.8.output.LayerNorm.weight  - Size: torch.Size([768])  - Requires grad: False
Name: bert.encoder.layer.8.output.LayerNorm.bias  - Size: torch.Size([768])  - Requires grad: False
Name: bert.encoder.layer.9.attention.self.query.weight  - Size: torch.Size([768, 768])  - Requires grad: False
Name: bert.encoder.layer.9.attention.self.query.bias  - Size: torch.Size([768])  - Requires grad: False
Name: bert.encoder.layer.9.attention.self.key.weight  - Size: torch.Size([768, 768])  - Requires grad: False
Name: bert.encoder.layer.9.attention.self.key.bias  - Size: torch.Size([768])  - Requires grad: False
Name: bert.encoder.layer.9.attention.self.value.weight  - Size: torch.Size([768, 768])  - Requires grad: False
Name: bert.encoder.layer.9.attention.self.value.bias  - Size: torch.Size([768])  - Requires grad: False
Name: bert.encoder.layer.9.attention.output.dense.weight  - Size: torch.Size([768, 768])  - Requires grad: False
Name: bert.encoder.layer.9.attention.output.dense.bias  - Size: torch.Size([768])  - Requires grad: False
Name: bert.encoder.layer.9.attention.output.LayerNorm.weight  - Size: torch.Size([768])  - Requires grad: False
Name: bert.encoder.layer.9.attention.output.LayerNorm.bias  - Size: torch.Size([768])  - Requires grad: False
Name: bert.encoder.layer.9.intermediate.dense.weight  - Size: torch.Size([3072, 768])  - Requires grad: False
Name: bert.encoder.layer.9.intermediate.dense.bias  - Size: torch.Size([3072])  - Requires grad: False
Name: bert.encoder.layer.9.output.dense.weight  - Size: torch.Size([768, 3072])  - Requires grad: False
Name: bert.encoder.layer.9.output.dense.bias  - Size: torch.Size([768])  - Requires grad: False
Name: bert.encoder.layer.9.output.LayerNorm.weight  - Size: torch.Size([768])  - Requires grad: False
Name: bert.encoder.layer.9.output.LayerNorm.bias  - Size: torch.Size([768])  - Requires grad: False
Name: bert.encoder.layer.10.attention.self.query.weight  - Size: torch.Size([768, 768])  - Requires grad: False
Name: bert.encoder.layer.10.attention.self.query.bias  - Size: torch.Size([768])  - Requires grad: False
Name: bert.encoder.layer.10.attention.self.key.weight  - Size: torch.Size([768, 768])  - Requires grad: False
Name: bert.encoder.layer.10.attention.self.key.bias  - Size: torch.Size([768])  - Requires grad: False
Name: bert.encoder.layer.10.attention.self.value.weight  - Size: torch.Size([768, 768])  - Requires grad: False
Name: bert.encoder.layer.10.attention.self.value.bias  - Size: torch.Size([768])  - Requires grad: False
Name: bert.encoder.layer.10.attention.output.dense.weight  - Size: torch.Size([768, 768])  - Requires grad: False
Name: bert.encoder.layer.10.attention.output.dense.bias  - Size: torch.Size([768])  - Requires grad: False
Name: bert.encoder.layer.10.attention.output.LayerNorm.weight  - Size: torch.Size([768])  - Requires grad: False
Name: bert.encoder.layer.10.attention.output.LayerNorm.bias  - Size: torch.Size([768])  - Requires grad: False
Name: bert.encoder.layer.10.intermediate.dense.weight  - Size: torch.Size([3072, 768])  - Requires grad: False
Name: bert.encoder.layer.10.intermediate.dense.bias  - Size: torch.Size([3072])  - Requires grad: False
Name: bert.encoder.layer.10.output.dense.weight  - Size: torch.Size([768, 3072])  - Requires grad: False
Name: bert.encoder.layer.10.output.dense.bias  - Size: torch.Size([768])  - Requires grad: False
Name: bert.encoder.layer.10.output.LayerNorm.weight  - Size: torch.Size([768])  - Requires grad: False
Name: bert.encoder.layer.10.output.LayerNorm.bias  - Size: torch.Size([768])  - Requires grad: False
Name: bert.encoder.layer.11.attention.self.query.weight  - Size: torch.Size([768, 768])  - Requires grad: True
Name: bert.encoder.layer.11.attention.self.query.bias  - Size: torch.Size([768])  - Requires grad: True
Name: bert.encoder.layer.11.attention.self.key.weight  - Size: torch.Size([768, 768])  - Requires grad: True
Name: bert.encoder.layer.11.attention.self.key.bias  - Size: torch.Size([768])  - Requires grad: True
Name: bert.encoder.layer.11.attention.self.value.weight  - Size: torch.Size([768, 768])  - Requires grad: True
Name: bert.encoder.layer.11.attention.self.value.bias  - Size: torch.Size([768])  - Requires grad: True
Name: bert.encoder.layer.11.attention.output.dense.weight  - Size: torch.Size([768, 768])  - Requires grad: True
Name: bert.encoder.layer.11.attention.output.dense.bias  - Size: torch.Size([768])  - Requires grad: True
Name: bert.encoder.layer.11.attention.output.LayerNorm.weight  - Size: torch.Size([768])  - Requires grad: True
Name: bert.encoder.layer.11.attention.output.LayerNorm.bias  - Size: torch.Size([768])  - Requires grad: True
Name: bert.encoder.layer.11.intermediate.dense.weight  - Size: torch.Size([3072, 768])  - Requires grad: True
Name: bert.encoder.layer.11.intermediate.dense.bias  - Size: torch.Size([3072])  - Requires grad: True
Name: bert.encoder.layer.11.output.dense.weight  - Size: torch.Size([768, 3072])  - Requires grad: True
Name: bert.encoder.layer.11.output.dense.bias  - Size: torch.Size([768])  - Requires grad: True
Name: bert.encoder.layer.11.output.LayerNorm.weight  - Size: torch.Size([768])  - Requires grad: True
Name: bert.encoder.layer.11.output.LayerNorm.bias  - Size: torch.Size([768])  - Requires grad: True
Name: bert.pooler.dense.weight  - Size: torch.Size([768, 768])  - Requires grad: True
Name: bert.pooler.dense.bias  - Size: torch.Size([768])  - Requires grad: True
Name: classifier.weight  - Size: torch.Size([28, 768])  - Requires grad: True
Name: classifier.bias  - Size: torch.Size([28])  - Requires grad: True
Fine-tuning the model on the GoEmotions dataset...
Filtered dataset:
 DatasetDict({
    train: Dataset({
        features: ['text', 'labels', 'id'],
        num_rows: 36308
    })
    validation: Dataset({
        features: ['text', 'labels', 'id'],
        num_rows: 4548
    })
    test: Dataset({
        features: ['text', 'labels', 'id'],
        num_rows: 4590
    })
})
{'loss': 1.7919, 'grad_norm': 4.443044185638428, 'learning_rate': 0.000925990675990676, 'epoch': 1.0}
{'eval_loss': 1.558030366897583, 'eval_accuracy': 0.5499120492524187, 'eval_f1': 0.3329851350330423, 'eval_classification_report': '                precision    recall  f1-score   support\n\n    admiration       0.60      0.79      0.68       326\n     amusement       0.58      0.88      0.70       208\n         anger       0.42      0.23      0.30       109\n     annoyance       0.21      0.36      0.27       164\n      approval       0.48      0.17      0.25       258\n        caring       0.20      0.02      0.04        96\n     confusion       0.38      0.31      0.34       102\n     curiosity       0.42      0.64      0.50       164\n        desire       0.47      0.48      0.48        52\ndisappointment       0.43      0.03      0.06        91\n   disapproval       0.36      0.30      0.33       212\n       disgust       0.44      0.11      0.18        61\n embarrassment       0.30      0.30      0.30        20\n    excitement       0.44      0.08      0.13        52\n          fear       1.00      0.12      0.22        58\n     gratitude       0.88      0.90      0.89       261\n         grief       0.00      0.00      0.00         6\n           joy       0.60      0.39      0.47       106\n          love       0.66      0.89      0.76       173\n   nervousness       0.00      0.00      0.00         8\n      optimism       0.74      0.24      0.37       119\n         pride       0.00      0.00      0.00         9\n   realization       0.00      0.00      0.00        74\n        relief       0.00      0.00      0.00         8\n       remorse       0.44      0.88      0.59        40\n       sadness       0.32      0.52      0.39        84\n      surprise       0.40      0.47      0.43        95\n       neutral       0.61      0.69      0.65      1592\n\n      accuracy                           0.55      4548\n     macro avg       0.41      0.35      0.33      4548\n  weighted avg       0.54      0.55      0.52      4548\n', 'eval_runtime': 3.0296, 'eval_samples_per_second': 1501.204, 'eval_steps_per_second': 47.201, 'epoch': 1.0}
{'loss': 1.5502, 'grad_norm': 4.062118053436279, 'learning_rate': 0.0007937062937062938, 'epoch': 2.0}
{'eval_loss': 1.464756965637207, 'eval_accuracy': 0.570580474934037, 'eval_f1': 0.38421960594686, 'eval_classification_report': '                precision    recall  f1-score   support\n\n    admiration       0.71      0.67      0.69       326\n     amusement       0.68      0.82      0.74       208\n         anger       0.44      0.51      0.48       109\n     annoyance       0.36      0.12      0.18       164\n      approval       0.69      0.10      0.17       258\n        caring       0.00      0.00      0.00        96\n     confusion       0.63      0.12      0.20       102\n     curiosity       0.42      0.59      0.49       164\n        desire       0.84      0.40      0.55        52\ndisappointment       0.23      0.05      0.09        91\n   disapproval       0.29      0.40      0.34       212\n       disgust       0.42      0.41      0.42        61\n embarrassment       0.38      0.30      0.33        20\n    excitement       1.00      0.08      0.14        52\n          fear       0.68      0.47      0.55        58\n     gratitude       0.98      0.86      0.92       261\n         grief       0.00      0.00      0.00         6\n           joy       0.48      0.58      0.53       106\n          love       0.74      0.84      0.79       173\n   nervousness       0.00      0.00      0.00         8\n      optimism       0.67      0.50      0.57       119\n         pride       0.00      0.00      0.00         9\n   realization       0.22      0.24      0.23        74\n        relief       0.00      0.00      0.00         8\n       remorse       0.65      0.80      0.72        40\n       sadness       0.67      0.38      0.48        84\n      surprise       0.61      0.44      0.51        95\n       neutral       0.56      0.76      0.64      1592\n\n      accuracy                           0.57      4548\n     macro avg       0.48      0.37      0.38      4548\n  weighted avg       0.57      0.57      0.54      4548\n', 'eval_runtime': 3.0213, 'eval_samples_per_second': 1505.29, 'eval_steps_per_second': 47.33, 'epoch': 2.0}
{'loss': 1.4727, 'grad_norm': 3.681497573852539, 'learning_rate': 0.0006614219114219114, 'epoch': 3.0}
{'eval_loss': 1.387117862701416, 'eval_accuracy': 0.5848724714160071, 'eval_f1': 0.3823118846418615, 'eval_classification_report': '                precision    recall  f1-score   support\n\n    admiration       0.64      0.79      0.71       326\n     amusement       0.70      0.76      0.73       208\n         anger       0.32      0.55      0.41       109\n     annoyance       0.33      0.06      0.10       164\n      approval       0.60      0.14      0.23       258\n        caring       0.54      0.20      0.29        96\n     confusion       0.47      0.18      0.26       102\n     curiosity       0.44      0.41      0.42       164\n        desire       0.67      0.54      0.60        52\ndisappointment       0.33      0.01      0.02        91\n   disapproval       0.52      0.15      0.23       212\n       disgust       0.40      0.41      0.40        61\n embarrassment       0.80      0.20      0.32        20\n    excitement       0.33      0.27      0.29        52\n          fear       0.55      0.60      0.57        58\n     gratitude       0.85      0.92      0.88       261\n         grief       0.00      0.00      0.00         6\n           joy       0.72      0.42      0.53       106\n          love       0.66      0.90      0.76       173\n   nervousness       0.00      0.00      0.00         8\n      optimism       0.53      0.57      0.55       119\n         pride       0.00      0.00      0.00         9\n   realization       0.78      0.09      0.17        74\n        relief       0.00      0.00      0.00         8\n       remorse       0.68      0.65      0.67        40\n       sadness       0.55      0.32      0.41        84\n      surprise       0.55      0.43      0.48        95\n       neutral       0.57      0.81      0.67      1592\n\n      accuracy                           0.58      4548\n     macro avg       0.48      0.37      0.38      4548\n  weighted avg       0.57      0.58      0.54      4548\n', 'eval_runtime': 3.0716, 'eval_samples_per_second': 1480.655, 'eval_steps_per_second': 46.555, 'epoch': 3.0}
{'loss': 1.4117, 'grad_norm': 3.1284422874450684, 'learning_rate': 0.0005291375291375291, 'epoch': 4.0}
{'eval_loss': 1.3820552825927734, 'eval_accuracy': 0.5897097625329816, 'eval_f1': 0.419759366952841, 'eval_classification_report': '                precision    recall  f1-score   support\n\n    admiration       0.67      0.75      0.71       326\n     amusement       0.78      0.77      0.78       208\n         anger       0.45      0.37      0.40       109\n     annoyance       0.39      0.21      0.27       164\n      approval       0.45      0.24      0.31       258\n        caring       0.65      0.21      0.31        96\n     confusion       0.55      0.23      0.32       102\n     curiosity       0.42      0.60      0.50       164\n        desire       0.67      0.54      0.60        52\ndisappointment       0.31      0.09      0.14        91\n   disapproval       0.35      0.37      0.36       212\n       disgust       0.27      0.64      0.38        61\n embarrassment       0.73      0.40      0.52        20\n    excitement       0.33      0.33      0.33        52\n          fear       0.69      0.50      0.58        58\n     gratitude       0.90      0.90      0.90       261\n         grief       0.00      0.00      0.00         6\n           joy       0.57      0.50      0.53       106\n          love       0.65      0.90      0.75       173\n   nervousness       1.00      0.12      0.22         8\n      optimism       0.66      0.53      0.59       119\n         pride       0.00      0.00      0.00         9\n   realization       1.00      0.03      0.05        74\n        relief       0.00      0.00      0.00         8\n       remorse       0.70      0.40      0.51        40\n       sadness       0.42      0.65      0.51        84\n      surprise       0.58      0.47      0.52        95\n       neutral       0.62      0.73      0.67      1592\n\n      accuracy                           0.59      4548\n     macro avg       0.53      0.41      0.42      4548\n  weighted avg       0.59      0.59      0.57      4548\n', 'eval_runtime': 3.0766, 'eval_samples_per_second': 1478.265, 'eval_steps_per_second': 46.48, 'epoch': 4.0}
{'loss': 1.3603, 'grad_norm': 3.8105547428131104, 'learning_rate': 0.0003968531468531469, 'epoch': 5.0}
{'eval_loss': 1.4146753549575806, 'eval_accuracy': 0.5683817062445031, 'eval_f1': 0.3781119995141839, 'eval_classification_report': '                precision    recall  f1-score   support\n\n    admiration       0.40      0.91      0.56       326\n     amusement       0.67      0.83      0.74       208\n         anger       0.42      0.54      0.47       109\n     annoyance       0.43      0.12      0.19       164\n      approval       0.61      0.16      0.26       258\n        caring       0.60      0.25      0.35        96\n     confusion       0.56      0.18      0.27       102\n     curiosity       0.47      0.33      0.39       164\n        desire       0.84      0.40      0.55        52\ndisappointment       0.25      0.01      0.02        91\n   disapproval       0.48      0.14      0.21       212\n       disgust       0.47      0.26      0.34        61\n embarrassment       0.62      0.25      0.36        20\n    excitement       0.53      0.17      0.26        52\n          fear       0.53      0.60      0.56        58\n     gratitude       0.95      0.90      0.92       261\n         grief       0.00      0.00      0.00         6\n           joy       0.76      0.15      0.25       106\n          love       0.74      0.61      0.67       173\n   nervousness       0.00      0.00      0.00         8\n      optimism       0.66      0.56      0.61       119\n         pride       0.00      0.00      0.00         9\n   realization       0.46      0.22      0.29        74\n        relief       0.00      0.00      0.00         8\n       remorse       0.64      0.53      0.58        40\n       sadness       0.49      0.52      0.51        84\n      surprise       0.57      0.58      0.58        95\n       neutral       0.58      0.77      0.66      1592\n\n      accuracy                           0.57      4548\n     macro avg       0.49      0.36      0.38      4548\n  weighted avg       0.57      0.57      0.53      4548\n', 'eval_runtime': 3.0784, 'eval_samples_per_second': 1477.368, 'eval_steps_per_second': 46.452, 'epoch': 5.0}
{'loss': 1.297, 'grad_norm': 3.2014496326446533, 'learning_rate': 0.00026456876456876455, 'epoch': 6.0}
{'eval_loss': 1.3268847465515137, 'eval_accuracy': 0.5991644678979772, 'eval_f1': 0.4441807870749588, 'eval_classification_report': '                precision    recall  f1-score   support\n\n    admiration       0.60      0.83      0.70       326\n     amusement       0.67      0.91      0.77       208\n         anger       0.42      0.50      0.46       109\n     annoyance       0.47      0.14      0.22       164\n      approval       0.56      0.17      0.27       258\n        caring       0.54      0.47      0.50        96\n     confusion       0.40      0.28      0.33       102\n     curiosity       0.44      0.66      0.52       164\n        desire       0.65      0.50      0.57        52\ndisappointment       0.21      0.13      0.16        91\n   disapproval       0.52      0.16      0.24       212\n       disgust       0.61      0.41      0.49        61\n embarrassment       0.62      0.40      0.48        20\n    excitement       0.35      0.35      0.35        52\n          fear       0.76      0.48      0.59        58\n     gratitude       0.95      0.89      0.92       261\n         grief       0.00      0.00      0.00         6\n           joy       0.57      0.57      0.57       106\n          love       0.73      0.88      0.80       173\n   nervousness       0.00      0.00      0.00         8\n      optimism       0.71      0.52      0.60       119\n         pride       0.67      0.22      0.33         9\n   realization       0.48      0.22      0.30        74\n        relief       0.00      0.00      0.00         8\n       remorse       0.61      0.57      0.59        40\n       sadness       0.40      0.61      0.48        84\n      surprise       0.55      0.52      0.53        95\n       neutral       0.61      0.73      0.66      1592\n\n      accuracy                           0.60      4548\n     macro avg       0.50      0.43      0.44      4548\n  weighted avg       0.59      0.60      0.57      4548\n', 'eval_runtime': 3.0835, 'eval_samples_per_second': 1474.97, 'eval_steps_per_second': 46.377, 'epoch': 6.0}
{'loss': 1.2257, 'grad_norm': 3.685495138168335, 'learning_rate': 0.00013228438228438227, 'epoch': 7.0}
{'eval_loss': 1.277297854423523, 'eval_accuracy': 0.6070800351802991, 'eval_f1': 0.45653397205225116, 'eval_classification_report': '                precision    recall  f1-score   support\n\n    admiration       0.60      0.84      0.70       326\n     amusement       0.71      0.88      0.78       208\n         anger       0.44      0.50      0.47       109\n     annoyance       0.34      0.21      0.26       164\n      approval       0.49      0.26      0.34       258\n        caring       0.61      0.38      0.46        96\n     confusion       0.48      0.32      0.39       102\n     curiosity       0.46      0.32      0.38       164\n        desire       0.61      0.54      0.57        52\ndisappointment       0.35      0.13      0.19        91\n   disapproval       0.47      0.31      0.37       212\n       disgust       0.45      0.48      0.46        61\n embarrassment       0.56      0.45      0.50        20\n    excitement       0.54      0.25      0.34        52\n          fear       0.53      0.71      0.60        58\n     gratitude       0.94      0.90      0.92       261\n         grief       0.00      0.00      0.00         6\n           joy       0.58      0.56      0.57       106\n          love       0.72      0.89      0.80       173\n   nervousness       1.00      0.12      0.22         8\n      optimism       0.58      0.61      0.60       119\n         pride       0.50      0.11      0.18         9\n   realization       0.59      0.22      0.32        74\n        relief       0.00      0.00      0.00         8\n       remorse       0.63      0.60      0.62        40\n       sadness       0.51      0.58      0.54        84\n      surprise       0.49      0.57      0.53        95\n       neutral       0.62      0.73      0.67      1592\n\n      accuracy                           0.61      4548\n     macro avg       0.53      0.45      0.46      4548\n  weighted avg       0.59      0.61      0.59      4548\n', 'eval_runtime': 3.0805, 'eval_samples_per_second': 1476.363, 'eval_steps_per_second': 46.42, 'epoch': 7.0}
{'loss': 1.1306, 'grad_norm': 3.795818328857422, 'learning_rate': 0.0, 'epoch': 8.0}
{'eval_loss': 1.2639148235321045, 'eval_accuracy': 0.6116974494283202, 'eval_f1': 0.47628620344122435, 'eval_classification_report': '                precision    recall  f1-score   support\n\n    admiration       0.66      0.80      0.72       326\n     amusement       0.71      0.88      0.79       208\n         anger       0.44      0.52      0.47       109\n     annoyance       0.36      0.20      0.26       164\n      approval       0.51      0.29      0.37       258\n        caring       0.56      0.48      0.52        96\n     confusion       0.49      0.34      0.40       102\n     curiosity       0.44      0.48      0.46       164\n        desire       0.69      0.52      0.59        52\ndisappointment       0.33      0.15      0.21        91\n   disapproval       0.46      0.30      0.36       212\n       disgust       0.44      0.51      0.47        61\n embarrassment       0.64      0.45      0.53        20\n    excitement       0.41      0.33      0.37        52\n          fear       0.67      0.59      0.62        58\n     gratitude       0.92      0.90      0.91       261\n         grief       0.00      0.00      0.00         6\n           joy       0.63      0.54      0.58       106\n          love       0.70      0.90      0.79       173\n   nervousness       1.00      0.12      0.22         8\n      optimism       0.63      0.60      0.61       119\n         pride       0.75      0.33      0.46         9\n   realization       0.54      0.20      0.29        74\n        relief       0.00      0.00      0.00         8\n       remorse       0.62      0.60      0.61        40\n       sadness       0.43      0.61      0.50        84\n      surprise       0.54      0.53      0.53        95\n       neutral       0.63      0.72      0.67      1592\n\n      accuracy                           0.61      4548\n     macro avg       0.54      0.46      0.48      4548\n  weighted avg       0.60      0.61      0.59      4548\n', 'eval_runtime': 3.073, 'eval_samples_per_second': 1479.967, 'eval_steps_per_second': 46.534, 'epoch': 8.0}
{'train_runtime': 266.8157, 'train_samples_per_second': 1088.632, 'train_steps_per_second': 34.031, 'train_loss': 1.405022373283487, 'epoch': 8.0}
Saving classifier, encoder, and pooler layers
Gathered layers to save.
Layer weights saved.
Predictions shape:  (4590, 28) 
Labels shape:  (4590, 1) 
Class Predictions:  [25 14 20 ... 27 17 27]
