Test Accuracy: 0.3499
Sample predictions:
Text: I’m really sorry about your situation :( Although I love the names Sapphira, Cirilla, and Scarlett!
True Label: sadness | Predicted: neutral
Text: It's wonderful because it's awful. At not with.
True Label: admiration | Predicted: neutral
Text: Kings fan here, good luck to you guys! Will be an interesting game to watch! 
True Label: excitement | Predicted: neutral
Text: I didn't know that, thank you for teaching me something today!
True Label: gratitude | Predicted: neutral
Text: They got bored from haunting earth for thousands of years and ultimately moved on to the afterlife.
True Label: neutral | Predicted: neutral
Text: Thank you for asking questions and recognizing that there may be things that you don’t know or understand about police tactics. Seriously. Thank you.
True Label: gratitude | Predicted: neutral
Text: You’re welcome
True Label: gratitude | Predicted: neutral
Text: 100%! Congrats on your job too!
True Label: gratitude | Predicted: neutral
Text: I’m sorry to hear that friend :(. It’s for the best most likely if she didn’t accept you for who you are
True Label: remorse | Predicted: neutral
Text: Girlfriend weak as well, that jump was pathetic.
True Label: sadness | Predicted: neutral
