Starting BERT epoch experiments script
Train method: head+1
Learning rate: 0.001 
Num epochs: 8 
Batch size: 32 
Weight decay: 1 
Warmup steps: 500
Loading model
Device: cuda
Name: bert.embeddings.word_embeddings.weight  - Size: torch.Size([30522, 768])  - Requires grad: False
Name: bert.embeddings.position_embeddings.weight  - Size: torch.Size([512, 768])  - Requires grad: False
Name: bert.embeddings.token_type_embeddings.weight  - Size: torch.Size([2, 768])  - Requires grad: False
Name: bert.embeddings.LayerNorm.weight  - Size: torch.Size([768])  - Requires grad: False
Name: bert.embeddings.LayerNorm.bias  - Size: torch.Size([768])  - Requires grad: False
Name: bert.encoder.layer.0.attention.self.query.weight  - Size: torch.Size([768, 768])  - Requires grad: False
Name: bert.encoder.layer.0.attention.self.query.bias  - Size: torch.Size([768])  - Requires grad: False
Name: bert.encoder.layer.0.attention.self.key.weight  - Size: torch.Size([768, 768])  - Requires grad: False
Name: bert.encoder.layer.0.attention.self.key.bias  - Size: torch.Size([768])  - Requires grad: False
Name: bert.encoder.layer.0.attention.self.value.weight  - Size: torch.Size([768, 768])  - Requires grad: False
Name: bert.encoder.layer.0.attention.self.value.bias  - Size: torch.Size([768])  - Requires grad: False
Name: bert.encoder.layer.0.attention.output.dense.weight  - Size: torch.Size([768, 768])  - Requires grad: False
Name: bert.encoder.layer.0.attention.output.dense.bias  - Size: torch.Size([768])  - Requires grad: False
Name: bert.encoder.layer.0.attention.output.LayerNorm.weight  - Size: torch.Size([768])  - Requires grad: False
Name: bert.encoder.layer.0.attention.output.LayerNorm.bias  - Size: torch.Size([768])  - Requires grad: False
Name: bert.encoder.layer.0.intermediate.dense.weight  - Size: torch.Size([3072, 768])  - Requires grad: False
Name: bert.encoder.layer.0.intermediate.dense.bias  - Size: torch.Size([3072])  - Requires grad: False
Name: bert.encoder.layer.0.output.dense.weight  - Size: torch.Size([768, 3072])  - Requires grad: False
Name: bert.encoder.layer.0.output.dense.bias  - Size: torch.Size([768])  - Requires grad: False
Name: bert.encoder.layer.0.output.LayerNorm.weight  - Size: torch.Size([768])  - Requires grad: False
Name: bert.encoder.layer.0.output.LayerNorm.bias  - Size: torch.Size([768])  - Requires grad: False
Name: bert.encoder.layer.1.attention.self.query.weight  - Size: torch.Size([768, 768])  - Requires grad: False
Name: bert.encoder.layer.1.attention.self.query.bias  - Size: torch.Size([768])  - Requires grad: False
Name: bert.encoder.layer.1.attention.self.key.weight  - Size: torch.Size([768, 768])  - Requires grad: False
Name: bert.encoder.layer.1.attention.self.key.bias  - Size: torch.Size([768])  - Requires grad: False
Name: bert.encoder.layer.1.attention.self.value.weight  - Size: torch.Size([768, 768])  - Requires grad: False
Name: bert.encoder.layer.1.attention.self.value.bias  - Size: torch.Size([768])  - Requires grad: False
Name: bert.encoder.layer.1.attention.output.dense.weight  - Size: torch.Size([768, 768])  - Requires grad: False
Name: bert.encoder.layer.1.attention.output.dense.bias  - Size: torch.Size([768])  - Requires grad: False
Name: bert.encoder.layer.1.attention.output.LayerNorm.weight  - Size: torch.Size([768])  - Requires grad: False
Name: bert.encoder.layer.1.attention.output.LayerNorm.bias  - Size: torch.Size([768])  - Requires grad: False
Name: bert.encoder.layer.1.intermediate.dense.weight  - Size: torch.Size([3072, 768])  - Requires grad: False
Name: bert.encoder.layer.1.intermediate.dense.bias  - Size: torch.Size([3072])  - Requires grad: False
Name: bert.encoder.layer.1.output.dense.weight  - Size: torch.Size([768, 3072])  - Requires grad: False
Name: bert.encoder.layer.1.output.dense.bias  - Size: torch.Size([768])  - Requires grad: False
Name: bert.encoder.layer.1.output.LayerNorm.weight  - Size: torch.Size([768])  - Requires grad: False
Name: bert.encoder.layer.1.output.LayerNorm.bias  - Size: torch.Size([768])  - Requires grad: False
Name: bert.encoder.layer.2.attention.self.query.weight  - Size: torch.Size([768, 768])  - Requires grad: False
Name: bert.encoder.layer.2.attention.self.query.bias  - Size: torch.Size([768])  - Requires grad: False
Name: bert.encoder.layer.2.attention.self.key.weight  - Size: torch.Size([768, 768])  - Requires grad: False
Name: bert.encoder.layer.2.attention.self.key.bias  - Size: torch.Size([768])  - Requires grad: False
Name: bert.encoder.layer.2.attention.self.value.weight  - Size: torch.Size([768, 768])  - Requires grad: False
Name: bert.encoder.layer.2.attention.self.value.bias  - Size: torch.Size([768])  - Requires grad: False
Name: bert.encoder.layer.2.attention.output.dense.weight  - Size: torch.Size([768, 768])  - Requires grad: False
Name: bert.encoder.layer.2.attention.output.dense.bias  - Size: torch.Size([768])  - Requires grad: False
Name: bert.encoder.layer.2.attention.output.LayerNorm.weight  - Size: torch.Size([768])  - Requires grad: False
Name: bert.encoder.layer.2.attention.output.LayerNorm.bias  - Size: torch.Size([768])  - Requires grad: False
Name: bert.encoder.layer.2.intermediate.dense.weight  - Size: torch.Size([3072, 768])  - Requires grad: False
Name: bert.encoder.layer.2.intermediate.dense.bias  - Size: torch.Size([3072])  - Requires grad: False
Name: bert.encoder.layer.2.output.dense.weight  - Size: torch.Size([768, 3072])  - Requires grad: False
Name: bert.encoder.layer.2.output.dense.bias  - Size: torch.Size([768])  - Requires grad: False
Name: bert.encoder.layer.2.output.LayerNorm.weight  - Size: torch.Size([768])  - Requires grad: False
Name: bert.encoder.layer.2.output.LayerNorm.bias  - Size: torch.Size([768])  - Requires grad: False
Name: bert.encoder.layer.3.attention.self.query.weight  - Size: torch.Size([768, 768])  - Requires grad: False
Name: bert.encoder.layer.3.attention.self.query.bias  - Size: torch.Size([768])  - Requires grad: False
Name: bert.encoder.layer.3.attention.self.key.weight  - Size: torch.Size([768, 768])  - Requires grad: False
Name: bert.encoder.layer.3.attention.self.key.bias  - Size: torch.Size([768])  - Requires grad: False
Name: bert.encoder.layer.3.attention.self.value.weight  - Size: torch.Size([768, 768])  - Requires grad: False
Name: bert.encoder.layer.3.attention.self.value.bias  - Size: torch.Size([768])  - Requires grad: False
Name: bert.encoder.layer.3.attention.output.dense.weight  - Size: torch.Size([768, 768])  - Requires grad: False
Name: bert.encoder.layer.3.attention.output.dense.bias  - Size: torch.Size([768])  - Requires grad: False
Name: bert.encoder.layer.3.attention.output.LayerNorm.weight  - Size: torch.Size([768])  - Requires grad: False
Name: bert.encoder.layer.3.attention.output.LayerNorm.bias  - Size: torch.Size([768])  - Requires grad: False
Name: bert.encoder.layer.3.intermediate.dense.weight  - Size: torch.Size([3072, 768])  - Requires grad: False
Name: bert.encoder.layer.3.intermediate.dense.bias  - Size: torch.Size([3072])  - Requires grad: False
Name: bert.encoder.layer.3.output.dense.weight  - Size: torch.Size([768, 3072])  - Requires grad: False
Name: bert.encoder.layer.3.output.dense.bias  - Size: torch.Size([768])  - Requires grad: False
Name: bert.encoder.layer.3.output.LayerNorm.weight  - Size: torch.Size([768])  - Requires grad: False
Name: bert.encoder.layer.3.output.LayerNorm.bias  - Size: torch.Size([768])  - Requires grad: False
Name: bert.encoder.layer.4.attention.self.query.weight  - Size: torch.Size([768, 768])  - Requires grad: False
Name: bert.encoder.layer.4.attention.self.query.bias  - Size: torch.Size([768])  - Requires grad: False
Name: bert.encoder.layer.4.attention.self.key.weight  - Size: torch.Size([768, 768])  - Requires grad: False
Name: bert.encoder.layer.4.attention.self.key.bias  - Size: torch.Size([768])  - Requires grad: False
Name: bert.encoder.layer.4.attention.self.value.weight  - Size: torch.Size([768, 768])  - Requires grad: False
Name: bert.encoder.layer.4.attention.self.value.bias  - Size: torch.Size([768])  - Requires grad: False
Name: bert.encoder.layer.4.attention.output.dense.weight  - Size: torch.Size([768, 768])  - Requires grad: False
Name: bert.encoder.layer.4.attention.output.dense.bias  - Size: torch.Size([768])  - Requires grad: False
Name: bert.encoder.layer.4.attention.output.LayerNorm.weight  - Size: torch.Size([768])  - Requires grad: False
Name: bert.encoder.layer.4.attention.output.LayerNorm.bias  - Size: torch.Size([768])  - Requires grad: False
Name: bert.encoder.layer.4.intermediate.dense.weight  - Size: torch.Size([3072, 768])  - Requires grad: False
Name: bert.encoder.layer.4.intermediate.dense.bias  - Size: torch.Size([3072])  - Requires grad: False
Name: bert.encoder.layer.4.output.dense.weight  - Size: torch.Size([768, 3072])  - Requires grad: False
Name: bert.encoder.layer.4.output.dense.bias  - Size: torch.Size([768])  - Requires grad: False
Name: bert.encoder.layer.4.output.LayerNorm.weight  - Size: torch.Size([768])  - Requires grad: False
Name: bert.encoder.layer.4.output.LayerNorm.bias  - Size: torch.Size([768])  - Requires grad: False
Name: bert.encoder.layer.5.attention.self.query.weight  - Size: torch.Size([768, 768])  - Requires grad: False
Name: bert.encoder.layer.5.attention.self.query.bias  - Size: torch.Size([768])  - Requires grad: False
Name: bert.encoder.layer.5.attention.self.key.weight  - Size: torch.Size([768, 768])  - Requires grad: False
Name: bert.encoder.layer.5.attention.self.key.bias  - Size: torch.Size([768])  - Requires grad: False
Name: bert.encoder.layer.5.attention.self.value.weight  - Size: torch.Size([768, 768])  - Requires grad: False
Name: bert.encoder.layer.5.attention.self.value.bias  - Size: torch.Size([768])  - Requires grad: False
Name: bert.encoder.layer.5.attention.output.dense.weight  - Size: torch.Size([768, 768])  - Requires grad: False
Name: bert.encoder.layer.5.attention.output.dense.bias  - Size: torch.Size([768])  - Requires grad: False
Name: bert.encoder.layer.5.attention.output.LayerNorm.weight  - Size: torch.Size([768])  - Requires grad: False
Name: bert.encoder.layer.5.attention.output.LayerNorm.bias  - Size: torch.Size([768])  - Requires grad: False
Name: bert.encoder.layer.5.intermediate.dense.weight  - Size: torch.Size([3072, 768])  - Requires grad: False
Name: bert.encoder.layer.5.intermediate.dense.bias  - Size: torch.Size([3072])  - Requires grad: False
Name: bert.encoder.layer.5.output.dense.weight  - Size: torch.Size([768, 3072])  - Requires grad: False
Name: bert.encoder.layer.5.output.dense.bias  - Size: torch.Size([768])  - Requires grad: False
Name: bert.encoder.layer.5.output.LayerNorm.weight  - Size: torch.Size([768])  - Requires grad: False
Name: bert.encoder.layer.5.output.LayerNorm.bias  - Size: torch.Size([768])  - Requires grad: False
Name: bert.encoder.layer.6.attention.self.query.weight  - Size: torch.Size([768, 768])  - Requires grad: False
Name: bert.encoder.layer.6.attention.self.query.bias  - Size: torch.Size([768])  - Requires grad: False
Name: bert.encoder.layer.6.attention.self.key.weight  - Size: torch.Size([768, 768])  - Requires grad: False
Name: bert.encoder.layer.6.attention.self.key.bias  - Size: torch.Size([768])  - Requires grad: False
Name: bert.encoder.layer.6.attention.self.value.weight  - Size: torch.Size([768, 768])  - Requires grad: False
Name: bert.encoder.layer.6.attention.self.value.bias  - Size: torch.Size([768])  - Requires grad: False
Name: bert.encoder.layer.6.attention.output.dense.weight  - Size: torch.Size([768, 768])  - Requires grad: False
Name: bert.encoder.layer.6.attention.output.dense.bias  - Size: torch.Size([768])  - Requires grad: False
Name: bert.encoder.layer.6.attention.output.LayerNorm.weight  - Size: torch.Size([768])  - Requires grad: False
Name: bert.encoder.layer.6.attention.output.LayerNorm.bias  - Size: torch.Size([768])  - Requires grad: False
Name: bert.encoder.layer.6.intermediate.dense.weight  - Size: torch.Size([3072, 768])  - Requires grad: False
Name: bert.encoder.layer.6.intermediate.dense.bias  - Size: torch.Size([3072])  - Requires grad: False
Name: bert.encoder.layer.6.output.dense.weight  - Size: torch.Size([768, 3072])  - Requires grad: False
Name: bert.encoder.layer.6.output.dense.bias  - Size: torch.Size([768])  - Requires grad: False
Name: bert.encoder.layer.6.output.LayerNorm.weight  - Size: torch.Size([768])  - Requires grad: False
Name: bert.encoder.layer.6.output.LayerNorm.bias  - Size: torch.Size([768])  - Requires grad: False
Name: bert.encoder.layer.7.attention.self.query.weight  - Size: torch.Size([768, 768])  - Requires grad: False
Name: bert.encoder.layer.7.attention.self.query.bias  - Size: torch.Size([768])  - Requires grad: False
Name: bert.encoder.layer.7.attention.self.key.weight  - Size: torch.Size([768, 768])  - Requires grad: False
Name: bert.encoder.layer.7.attention.self.key.bias  - Size: torch.Size([768])  - Requires grad: False
Name: bert.encoder.layer.7.attention.self.value.weight  - Size: torch.Size([768, 768])  - Requires grad: False
Name: bert.encoder.layer.7.attention.self.value.bias  - Size: torch.Size([768])  - Requires grad: False
Name: bert.encoder.layer.7.attention.output.dense.weight  - Size: torch.Size([768, 768])  - Requires grad: False
Name: bert.encoder.layer.7.attention.output.dense.bias  - Size: torch.Size([768])  - Requires grad: False
Name: bert.encoder.layer.7.attention.output.LayerNorm.weight  - Size: torch.Size([768])  - Requires grad: False
Name: bert.encoder.layer.7.attention.output.LayerNorm.bias  - Size: torch.Size([768])  - Requires grad: False
Name: bert.encoder.layer.7.intermediate.dense.weight  - Size: torch.Size([3072, 768])  - Requires grad: False
Name: bert.encoder.layer.7.intermediate.dense.bias  - Size: torch.Size([3072])  - Requires grad: False
Name: bert.encoder.layer.7.output.dense.weight  - Size: torch.Size([768, 3072])  - Requires grad: False
Name: bert.encoder.layer.7.output.dense.bias  - Size: torch.Size([768])  - Requires grad: False
Name: bert.encoder.layer.7.output.LayerNorm.weight  - Size: torch.Size([768])  - Requires grad: False
Name: bert.encoder.layer.7.output.LayerNorm.bias  - Size: torch.Size([768])  - Requires grad: False
Name: bert.encoder.layer.8.attention.self.query.weight  - Size: torch.Size([768, 768])  - Requires grad: False
Name: bert.encoder.layer.8.attention.self.query.bias  - Size: torch.Size([768])  - Requires grad: False
Name: bert.encoder.layer.8.attention.self.key.weight  - Size: torch.Size([768, 768])  - Requires grad: False
Name: bert.encoder.layer.8.attention.self.key.bias  - Size: torch.Size([768])  - Requires grad: False
Name: bert.encoder.layer.8.attention.self.value.weight  - Size: torch.Size([768, 768])  - Requires grad: False
Name: bert.encoder.layer.8.attention.self.value.bias  - Size: torch.Size([768])  - Requires grad: False
Name: bert.encoder.layer.8.attention.output.dense.weight  - Size: torch.Size([768, 768])  - Requires grad: False
Name: bert.encoder.layer.8.attention.output.dense.bias  - Size: torch.Size([768])  - Requires grad: False
Name: bert.encoder.layer.8.attention.output.LayerNorm.weight  - Size: torch.Size([768])  - Requires grad: False
Name: bert.encoder.layer.8.attention.output.LayerNorm.bias  - Size: torch.Size([768])  - Requires grad: False
Name: bert.encoder.layer.8.intermediate.dense.weight  - Size: torch.Size([3072, 768])  - Requires grad: False
Name: bert.encoder.layer.8.intermediate.dense.bias  - Size: torch.Size([3072])  - Requires grad: False
Name: bert.encoder.layer.8.output.dense.weight  - Size: torch.Size([768, 3072])  - Requires grad: False
Name: bert.encoder.layer.8.output.dense.bias  - Size: torch.Size([768])  - Requires grad: False
Name: bert.encoder.layer.8.output.LayerNorm.weight  - Size: torch.Size([768])  - Requires grad: False
Name: bert.encoder.layer.8.output.LayerNorm.bias  - Size: torch.Size([768])  - Requires grad: False
Name: bert.encoder.layer.9.attention.self.query.weight  - Size: torch.Size([768, 768])  - Requires grad: False
Name: bert.encoder.layer.9.attention.self.query.bias  - Size: torch.Size([768])  - Requires grad: False
Name: bert.encoder.layer.9.attention.self.key.weight  - Size: torch.Size([768, 768])  - Requires grad: False
Name: bert.encoder.layer.9.attention.self.key.bias  - Size: torch.Size([768])  - Requires grad: False
Name: bert.encoder.layer.9.attention.self.value.weight  - Size: torch.Size([768, 768])  - Requires grad: False
Name: bert.encoder.layer.9.attention.self.value.bias  - Size: torch.Size([768])  - Requires grad: False
Name: bert.encoder.layer.9.attention.output.dense.weight  - Size: torch.Size([768, 768])  - Requires grad: False
Name: bert.encoder.layer.9.attention.output.dense.bias  - Size: torch.Size([768])  - Requires grad: False
Name: bert.encoder.layer.9.attention.output.LayerNorm.weight  - Size: torch.Size([768])  - Requires grad: False
Name: bert.encoder.layer.9.attention.output.LayerNorm.bias  - Size: torch.Size([768])  - Requires grad: False
Name: bert.encoder.layer.9.intermediate.dense.weight  - Size: torch.Size([3072, 768])  - Requires grad: False
Name: bert.encoder.layer.9.intermediate.dense.bias  - Size: torch.Size([3072])  - Requires grad: False
Name: bert.encoder.layer.9.output.dense.weight  - Size: torch.Size([768, 3072])  - Requires grad: False
Name: bert.encoder.layer.9.output.dense.bias  - Size: torch.Size([768])  - Requires grad: False
Name: bert.encoder.layer.9.output.LayerNorm.weight  - Size: torch.Size([768])  - Requires grad: False
Name: bert.encoder.layer.9.output.LayerNorm.bias  - Size: torch.Size([768])  - Requires grad: False
Name: bert.encoder.layer.10.attention.self.query.weight  - Size: torch.Size([768, 768])  - Requires grad: False
Name: bert.encoder.layer.10.attention.self.query.bias  - Size: torch.Size([768])  - Requires grad: False
Name: bert.encoder.layer.10.attention.self.key.weight  - Size: torch.Size([768, 768])  - Requires grad: False
Name: bert.encoder.layer.10.attention.self.key.bias  - Size: torch.Size([768])  - Requires grad: False
Name: bert.encoder.layer.10.attention.self.value.weight  - Size: torch.Size([768, 768])  - Requires grad: False
Name: bert.encoder.layer.10.attention.self.value.bias  - Size: torch.Size([768])  - Requires grad: False
Name: bert.encoder.layer.10.attention.output.dense.weight  - Size: torch.Size([768, 768])  - Requires grad: False
Name: bert.encoder.layer.10.attention.output.dense.bias  - Size: torch.Size([768])  - Requires grad: False
Name: bert.encoder.layer.10.attention.output.LayerNorm.weight  - Size: torch.Size([768])  - Requires grad: False
Name: bert.encoder.layer.10.attention.output.LayerNorm.bias  - Size: torch.Size([768])  - Requires grad: False
Name: bert.encoder.layer.10.intermediate.dense.weight  - Size: torch.Size([3072, 768])  - Requires grad: False
Name: bert.encoder.layer.10.intermediate.dense.bias  - Size: torch.Size([3072])  - Requires grad: False
Name: bert.encoder.layer.10.output.dense.weight  - Size: torch.Size([768, 3072])  - Requires grad: False
Name: bert.encoder.layer.10.output.dense.bias  - Size: torch.Size([768])  - Requires grad: False
Name: bert.encoder.layer.10.output.LayerNorm.weight  - Size: torch.Size([768])  - Requires grad: False
Name: bert.encoder.layer.10.output.LayerNorm.bias  - Size: torch.Size([768])  - Requires grad: False
Name: bert.encoder.layer.11.attention.self.query.weight  - Size: torch.Size([768, 768])  - Requires grad: True
Name: bert.encoder.layer.11.attention.self.query.bias  - Size: torch.Size([768])  - Requires grad: True
Name: bert.encoder.layer.11.attention.self.key.weight  - Size: torch.Size([768, 768])  - Requires grad: True
Name: bert.encoder.layer.11.attention.self.key.bias  - Size: torch.Size([768])  - Requires grad: True
Name: bert.encoder.layer.11.attention.self.value.weight  - Size: torch.Size([768, 768])  - Requires grad: True
Name: bert.encoder.layer.11.attention.self.value.bias  - Size: torch.Size([768])  - Requires grad: True
Name: bert.encoder.layer.11.attention.output.dense.weight  - Size: torch.Size([768, 768])  - Requires grad: True
Name: bert.encoder.layer.11.attention.output.dense.bias  - Size: torch.Size([768])  - Requires grad: True
Name: bert.encoder.layer.11.attention.output.LayerNorm.weight  - Size: torch.Size([768])  - Requires grad: True
Name: bert.encoder.layer.11.attention.output.LayerNorm.bias  - Size: torch.Size([768])  - Requires grad: True
Name: bert.encoder.layer.11.intermediate.dense.weight  - Size: torch.Size([3072, 768])  - Requires grad: True
Name: bert.encoder.layer.11.intermediate.dense.bias  - Size: torch.Size([3072])  - Requires grad: True
Name: bert.encoder.layer.11.output.dense.weight  - Size: torch.Size([768, 3072])  - Requires grad: True
Name: bert.encoder.layer.11.output.dense.bias  - Size: torch.Size([768])  - Requires grad: True
Name: bert.encoder.layer.11.output.LayerNorm.weight  - Size: torch.Size([768])  - Requires grad: True
Name: bert.encoder.layer.11.output.LayerNorm.bias  - Size: torch.Size([768])  - Requires grad: True
Name: bert.pooler.dense.weight  - Size: torch.Size([768, 768])  - Requires grad: True
Name: bert.pooler.dense.bias  - Size: torch.Size([768])  - Requires grad: True
Name: classifier.weight  - Size: torch.Size([28, 768])  - Requires grad: True
Name: classifier.bias  - Size: torch.Size([28])  - Requires grad: True
Fine-tuning the model on the GoEmotions dataset...
Filtered dataset:
 DatasetDict({
    train: Dataset({
        features: ['text', 'labels', 'id'],
        num_rows: 36308
    })
    validation: Dataset({
        features: ['text', 'labels', 'id'],
        num_rows: 4548
    })
    test: Dataset({
        features: ['text', 'labels', 'id'],
        num_rows: 4590
    })
})
{'loss': 1.8047, 'grad_norm': 4.289691925048828, 'learning_rate': 0.000925990675990676, 'epoch': 1.0}
{'eval_loss': 1.5330264568328857, 'eval_accuracy': 0.5576077396657871, 'eval_f1': 0.36771903761873015, 'eval_classification_report': '                precision    recall  f1-score   support\n\n    admiration       0.60      0.79      0.68       326\n     amusement       0.58      0.89      0.70       208\n         anger       0.26      0.08      0.13       109\n     annoyance       0.20      0.43      0.27       164\n      approval       0.52      0.16      0.24       258\n        caring       0.47      0.28      0.35        96\n     confusion       0.34      0.27      0.30       102\n     curiosity       0.44      0.51      0.47       164\n        desire       0.88      0.40      0.55        52\ndisappointment       0.43      0.07      0.11        91\n   disapproval       0.39      0.38      0.38       212\n       disgust       0.35      0.13      0.19        61\n embarrassment       0.70      0.35      0.47        20\n    excitement       0.58      0.13      0.22        52\n          fear       0.74      0.24      0.36        58\n     gratitude       0.85      0.93      0.89       261\n         grief       0.00      0.00      0.00         6\n           joy       0.56      0.42      0.48       106\n          love       0.74      0.82      0.78       173\n   nervousness       0.00      0.00      0.00         8\n      optimism       0.79      0.40      0.53       119\n         pride       0.00      0.00      0.00         9\n   realization       0.00      0.00      0.00        74\n        relief       0.00      0.00      0.00         8\n       remorse       0.59      0.88      0.71        40\n       sadness       0.34      0.57      0.43        84\n      surprise       0.40      0.39      0.40        95\n       neutral       0.61      0.69      0.65      1592\n\n      accuracy                           0.56      4548\n     macro avg       0.44      0.36      0.37      4548\n  weighted avg       0.55      0.56      0.53      4548\n', 'eval_runtime': 3.0417, 'eval_samples_per_second': 1495.217, 'eval_steps_per_second': 47.013, 'epoch': 1.0}
{'loss': 1.5603, 'grad_norm': 3.943232774734497, 'learning_rate': 0.0007937062937062938, 'epoch': 2.0}
{'eval_loss': 1.4622600078582764, 'eval_accuracy': 0.5699208443271768, 'eval_f1': 0.3746738850657536, 'eval_classification_report': '                precision    recall  f1-score   support\n\n    admiration       0.68      0.71      0.69       326\n     amusement       0.73      0.86      0.79       208\n         anger       0.41      0.56      0.47       109\n     annoyance       0.35      0.12      0.17       164\n      approval       0.75      0.06      0.11       258\n        caring       0.00      0.00      0.00        96\n     confusion       0.35      0.11      0.17       102\n     curiosity       0.47      0.54      0.50       164\n        desire       0.76      0.31      0.44        52\ndisappointment       0.15      0.05      0.08        91\n   disapproval       0.30      0.43      0.35       212\n       disgust       0.50      0.34      0.41        61\n embarrassment       0.50      0.25      0.33        20\n    excitement       1.00      0.06      0.11        52\n          fear       0.69      0.41      0.52        58\n     gratitude       0.97      0.87      0.92       261\n         grief       0.00      0.00      0.00         6\n           joy       0.56      0.52      0.54       106\n          love       0.74      0.87      0.80       173\n   nervousness       0.00      0.00      0.00         8\n      optimism       0.68      0.50      0.58       119\n         pride       0.00      0.00      0.00         9\n   realization       0.29      0.16      0.21        74\n        relief       0.00      0.00      0.00         8\n       remorse       0.64      0.80      0.71        40\n       sadness       0.68      0.40      0.51        84\n      surprise       0.63      0.36      0.46        95\n       neutral       0.54      0.77      0.63      1592\n\n      accuracy                           0.57      4548\n     macro avg       0.48      0.36      0.37      4548\n  weighted avg       0.57      0.57      0.53      4548\n', 'eval_runtime': 3.0704, 'eval_samples_per_second': 1481.259, 'eval_steps_per_second': 46.574, 'epoch': 2.0}
{'loss': 1.4808, 'grad_norm': 3.5038530826568604, 'learning_rate': 0.0006614219114219114, 'epoch': 3.0}
{'eval_loss': 1.396160364151001, 'eval_accuracy': 0.5925681618293756, 'eval_f1': 0.3943049155172683, 'eval_classification_report': '                precision    recall  f1-score   support\n\n    admiration       0.64      0.78      0.70       326\n     amusement       0.73      0.71      0.72       208\n         anger       0.35      0.58      0.43       109\n     annoyance       0.43      0.09      0.15       164\n      approval       0.79      0.13      0.23       258\n        caring       0.50      0.20      0.28        96\n     confusion       0.63      0.24      0.34       102\n     curiosity       0.44      0.47      0.46       164\n        desire       0.72      0.54      0.62        52\ndisappointment       1.00      0.01      0.02        91\n   disapproval       0.48      0.23      0.31       212\n       disgust       0.40      0.44      0.42        61\n embarrassment       0.80      0.20      0.32        20\n    excitement       0.37      0.25      0.30        52\n          fear       0.52      0.55      0.53        58\n     gratitude       0.87      0.91      0.89       261\n         grief       0.00      0.00      0.00         6\n           joy       0.58      0.49      0.53       106\n          love       0.67      0.90      0.77       173\n   nervousness       0.00      0.00      0.00         8\n      optimism       0.67      0.55      0.61       119\n         pride       0.00      0.00      0.00         9\n   realization       0.62      0.14      0.22        74\n        relief       0.00      0.00      0.00         8\n       remorse       0.64      0.57      0.61        40\n       sadness       0.63      0.32      0.43        84\n      surprise       0.66      0.39      0.49        95\n       neutral       0.57      0.82      0.67      1592\n\n      accuracy                           0.59      4548\n     macro avg       0.53      0.38      0.39      4548\n  weighted avg       0.61      0.59      0.55      4548\n', 'eval_runtime': 3.0819, 'eval_samples_per_second': 1475.737, 'eval_steps_per_second': 46.401, 'epoch': 3.0}
{'loss': 1.4162, 'grad_norm': 3.153602123260498, 'learning_rate': 0.0005291375291375291, 'epoch': 4.0}
{'eval_loss': 1.370528221130371, 'eval_accuracy': 0.5925681618293756, 'eval_f1': 0.41473768184060394, 'eval_classification_report': '                precision    recall  f1-score   support\n\n    admiration       0.65      0.78      0.71       326\n     amusement       0.77      0.76      0.77       208\n         anger       0.51      0.43      0.47       109\n     annoyance       0.49      0.15      0.23       164\n      approval       0.46      0.22      0.30       258\n        caring       0.64      0.19      0.29        96\n     confusion       0.61      0.19      0.29       102\n     curiosity       0.42      0.56      0.48       164\n        desire       0.54      0.60      0.57        52\ndisappointment       0.30      0.10      0.15        91\n   disapproval       0.37      0.30      0.33       212\n       disgust       0.30      0.51      0.38        61\n embarrassment       0.53      0.45      0.49        20\n    excitement       0.31      0.29      0.30        52\n          fear       0.60      0.53      0.56        58\n     gratitude       0.95      0.89      0.92       261\n         grief       0.00      0.00      0.00         6\n           joy       0.60      0.55      0.57       106\n          love       0.66      0.91      0.77       173\n   nervousness       0.00      0.00      0.00         8\n      optimism       0.62      0.57      0.59       119\n         pride       1.00      0.11      0.20         9\n   realization       0.86      0.08      0.15        74\n        relief       0.00      0.00      0.00         8\n       remorse       0.65      0.33      0.43        40\n       sadness       0.40      0.64      0.50        84\n      surprise       0.48      0.52      0.50        95\n       neutral       0.61      0.75      0.67      1592\n\n      accuracy                           0.59      4548\n     macro avg       0.51      0.41      0.41      4548\n  weighted avg       0.59      0.59      0.57      4548\n', 'eval_runtime': 3.0917, 'eval_samples_per_second': 1471.048, 'eval_steps_per_second': 46.253, 'epoch': 4.0}
{'loss': 1.3612, 'grad_norm': 3.6919496059417725, 'learning_rate': 0.0003968531468531469, 'epoch': 5.0}
{'eval_loss': 1.3713783025741577, 'eval_accuracy': 0.5806948109058927, 'eval_f1': 0.393695365068095, 'eval_classification_report': '                precision    recall  f1-score   support\n\n    admiration       0.46      0.89      0.61       326\n     amusement       0.69      0.84      0.76       208\n         anger       0.39      0.54      0.46       109\n     annoyance       0.52      0.14      0.22       164\n      approval       0.63      0.15      0.24       258\n        caring       0.54      0.32      0.41        96\n     confusion       0.50      0.19      0.27       102\n     curiosity       0.48      0.44      0.46       164\n        desire       0.86      0.35      0.49        52\ndisappointment       0.17      0.01      0.02        91\n   disapproval       0.45      0.10      0.16       212\n       disgust       0.53      0.33      0.40        61\n embarrassment       0.56      0.25      0.34        20\n    excitement       0.46      0.21      0.29        52\n          fear       0.51      0.66      0.57        58\n     gratitude       0.95      0.90      0.93       261\n         grief       0.00      0.00      0.00         6\n           joy       0.81      0.21      0.33       106\n          love       0.71      0.69      0.70       173\n   nervousness       0.20      0.12      0.15         8\n      optimism       0.65      0.56      0.60       119\n         pride       0.00      0.00      0.00         9\n   realization       0.58      0.20      0.30        74\n        relief       0.00      0.00      0.00         8\n       remorse       0.66      0.53      0.58        40\n       sadness       0.46      0.58      0.51        84\n      surprise       0.50      0.59      0.54        95\n       neutral       0.58      0.77      0.66      1592\n\n      accuracy                           0.58      4548\n     macro avg       0.49      0.38      0.39      4548\n  weighted avg       0.58      0.58      0.54      4548\n', 'eval_runtime': 3.0914, 'eval_samples_per_second': 1471.156, 'eval_steps_per_second': 46.257, 'epoch': 5.0}
{'loss': 1.2972, 'grad_norm': 3.3803327083587646, 'learning_rate': 0.00026456876456876455, 'epoch': 6.0}
{'eval_loss': 1.3240379095077515, 'eval_accuracy': 0.6046613896218118, 'eval_f1': 0.4404997510131294, 'eval_classification_report': '                precision    recall  f1-score   support\n\n    admiration       0.61      0.83      0.70       326\n     amusement       0.68      0.91      0.77       208\n         anger       0.46      0.50      0.48       109\n     annoyance       0.48      0.13      0.20       164\n      approval       0.63      0.20      0.30       258\n        caring       0.50      0.47      0.48        96\n     confusion       0.46      0.29      0.36       102\n     curiosity       0.43      0.68      0.53       164\n        desire       0.60      0.48      0.53        52\ndisappointment       0.29      0.21      0.24        91\n   disapproval       0.51      0.13      0.20       212\n       disgust       0.46      0.44      0.45        61\n embarrassment       0.56      0.45      0.50        20\n    excitement       0.28      0.33      0.30        52\n          fear       0.83      0.43      0.57        58\n     gratitude       0.94      0.90      0.92       261\n         grief       0.00      0.00      0.00         6\n           joy       0.58      0.57      0.57       106\n          love       0.71      0.90      0.80       173\n   nervousness       0.00      0.00      0.00         8\n      optimism       0.73      0.51      0.60       119\n         pride       0.50      0.11      0.18         9\n   realization       0.58      0.20      0.30        74\n        relief       0.00      0.00      0.00         8\n       remorse       0.60      0.60      0.60        40\n       sadness       0.51      0.58      0.54        84\n      surprise       0.54      0.51      0.52        95\n       neutral       0.61      0.74      0.67      1592\n\n      accuracy                           0.60      4548\n     macro avg       0.50      0.43      0.44      4548\n  weighted avg       0.60      0.60      0.58      4548\n', 'eval_runtime': 3.0932, 'eval_samples_per_second': 1470.332, 'eval_steps_per_second': 46.231, 'epoch': 6.0}
{'loss': 1.2269, 'grad_norm': 3.839608907699585, 'learning_rate': 0.00013228438228438227, 'epoch': 7.0}
{'eval_loss': 1.2854124307632446, 'eval_accuracy': 0.6062005277044855, 'eval_f1': 0.4569572047875598, 'eval_classification_report': '                precision    recall  f1-score   support\n\n    admiration       0.60      0.83      0.69       326\n     amusement       0.71      0.89      0.79       208\n         anger       0.44      0.51      0.47       109\n     annoyance       0.35      0.25      0.29       164\n      approval       0.50      0.27      0.35       258\n        caring       0.58      0.39      0.46        96\n     confusion       0.45      0.32      0.38       102\n     curiosity       0.47      0.38      0.42       164\n        desire       0.58      0.54      0.56        52\ndisappointment       0.33      0.16      0.22        91\n   disapproval       0.48      0.29      0.36       212\n       disgust       0.46      0.43      0.44        61\n embarrassment       0.60      0.45      0.51        20\n    excitement       0.43      0.25      0.32        52\n          fear       0.53      0.72      0.61        58\n     gratitude       0.94      0.90      0.92       261\n         grief       0.00      0.00      0.00         6\n           joy       0.58      0.59      0.59       106\n          love       0.72      0.90      0.80       173\n   nervousness       0.00      0.00      0.00         8\n      optimism       0.59      0.61      0.60       119\n         pride       1.00      0.22      0.36         9\n   realization       0.56      0.20      0.30        74\n        relief       0.00      0.00      0.00         8\n       remorse       0.63      0.65      0.64        40\n       sadness       0.45      0.58      0.51        84\n      surprise       0.49      0.57      0.52        95\n       neutral       0.64      0.71      0.67      1592\n\n      accuracy                           0.61      4548\n     macro avg       0.50      0.45      0.46      4548\n  weighted avg       0.59      0.61      0.59      4548\n', 'eval_runtime': 3.0989, 'eval_samples_per_second': 1467.638, 'eval_steps_per_second': 46.146, 'epoch': 7.0}
{'loss': 1.1281, 'grad_norm': 3.774216890335083, 'learning_rate': 0.0, 'epoch': 8.0}
{'eval_loss': 1.2623873949050903, 'eval_accuracy': 0.6145558487247141, 'eval_f1': 0.472740594560232, 'eval_classification_report': '                precision    recall  f1-score   support\n\n    admiration       0.66      0.81      0.73       326\n     amusement       0.72      0.89      0.80       208\n         anger       0.40      0.50      0.44       109\n     annoyance       0.37      0.23      0.28       164\n      approval       0.50      0.28      0.36       258\n        caring       0.60      0.45      0.51        96\n     confusion       0.48      0.31      0.38       102\n     curiosity       0.45      0.52      0.49       164\n        desire       0.61      0.52      0.56        52\ndisappointment       0.37      0.16      0.23        91\n   disapproval       0.44      0.29      0.35       212\n       disgust       0.45      0.48      0.46        61\n embarrassment       0.64      0.45      0.53        20\n    excitement       0.36      0.33      0.34        52\n          fear       0.70      0.66      0.68        58\n     gratitude       0.92      0.90      0.91       261\n         grief       0.00      0.00      0.00         6\n           joy       0.62      0.54      0.58       106\n          love       0.71      0.90      0.79       173\n   nervousness       0.33      0.12      0.18         8\n      optimism       0.62      0.61      0.61       119\n         pride       1.00      0.22      0.36         9\n   realization       0.56      0.19      0.28        74\n        relief       0.00      0.00      0.00         8\n       remorse       0.61      0.62      0.62        40\n       sadness       0.46      0.63      0.54        84\n      surprise       0.56      0.54      0.55        95\n       neutral       0.64      0.73      0.68      1592\n\n      accuracy                           0.61      4548\n     macro avg       0.53      0.46      0.47      4548\n  weighted avg       0.60      0.61      0.60      4548\n', 'eval_runtime': 3.0945, 'eval_samples_per_second': 1469.705, 'eval_steps_per_second': 46.211, 'epoch': 8.0}
{'train_runtime': 267.6853, 'train_samples_per_second': 1085.095, 'train_steps_per_second': 33.92, 'train_loss': 1.4094337900304583, 'epoch': 8.0}
Saving classifier, encoder, and pooler layers
Gathered layers to save.
Layer weights saved.
Predictions shape:  (4590, 28) 
Labels shape:  (4590, 1) 
Class Predictions:  [25 14 20 ... 27  0 27]
[1615, 'Thank you for your service', 'gratitude', 'gratitude']
[3174, '[NAME] x [NAME] sounds cute for some reason.', 'admiration', 'admiration']
[23, "What's your source for that? Just curious (and yes I know it sounds like a tired contrarian statement).", 'curiosity', 'curiosity']
[4586, 'Well that makes sense.', 'approval', 'approval']
[1745, 'You still didn’t answer the question. Sorry it’s bugging me :)', 'remorse', 'remorse']
[691, 'Do not use logic dude. Not cool.', 'disapproval', 'disapproval']
[1047, "You conveniently aren't speaking to my assertion.", 'neutral', 'neutral']
[2031, "This hits hard, sadly both of my relationships have been toxic so I've decided not to start any new ones until I start going to uni ", 'sadness', 'sadness']
[354, 'Sorry your right', 'remorse', 'remorse']
[2034, 'SHE SHOULD BE ON A HILL SOMEWHERE WITH THE SUN AND THE CLOUDS ABOVE HER!', 'neutral', 'neutral']
[745, 'Yeah I wish they could just finish 9th every year in the conference', 'optimism', 'desire']
[1863, 'I do not trust our defense at all. I do not believe you can increase the range of Andujar.', 'surprise', 'disapproval']
[1150, 'Difficult to see how this video wouldn’t have been much more interesting if properly shot in landscape.', 'disapproval', 'curiosity']
[2475, 'For the people and finding out how they end up? Sure. Other than that, it’s not great. Frustrating at best. ', 'anger', 'confusion']
[2788, 'RIGHT?! My mom would literally never forgive the bitch 😂', 'amusement', 'anger']
[1376, 'At my job I can/Do get laid a lot so the second one!!', 'approval', 'neutral']
[3261, "I wouldn't say age would stop it just lessen the affect of it but probably start to notice it around mid to late 30's.", 'realization', 'neutral']
[3143, "Good luck for everyone pronouncing [NAME] name. If he keeps scoring like this, i'll have fun listening some commentators around NHL.", 'gratitude', 'joy']
[1629, "Couldn't have happened to a nicer person.", 'sadness', 'neutral']
[369, 'Wow, 5 downvotes in 3 minutes. Go you!', 'surprise', 'excitement']
Correct Instances:  [[1615, 'Thank you for your service', 'gratitude', 'gratitude'], [3174, '[NAME] x [NAME] sounds cute for some reason.', 'admiration', 'admiration'], [23, "What's your source for that? Just curious (and yes I know it sounds like a tired contrarian statement).", 'curiosity', 'curiosity'], [4586, 'Well that makes sense.', 'approval', 'approval'], [1745, 'You still didn’t answer the question. Sorry it’s bugging me :)', 'remorse', 'remorse'], [691, 'Do not use logic dude. Not cool.', 'disapproval', 'disapproval'], [1047, "You conveniently aren't speaking to my assertion.", 'neutral', 'neutral'], [2031, "This hits hard, sadly both of my relationships have been toxic so I've decided not to start any new ones until I start going to uni ", 'sadness', 'sadness'], [354, 'Sorry your right', 'remorse', 'remorse'], [2034, 'SHE SHOULD BE ON A HILL SOMEWHERE WITH THE SUN AND THE CLOUDS ABOVE HER!', 'neutral', 'neutral']]
Incorrect Instances:  [[745, 'Yeah I wish they could just finish 9th every year in the conference', 'optimism', 'desire'], [1863, 'I do not trust our defense at all. I do not believe you can increase the range of Andujar.', 'surprise', 'disapproval'], [1150, 'Difficult to see how this video wouldn’t have been much more interesting if properly shot in landscape.', 'disapproval', 'curiosity'], [2475, 'For the people and finding out how they end up? Sure. Other than that, it’s not great. Frustrating at best. ', 'anger', 'confusion'], [2788, 'RIGHT?! My mom would literally never forgive the bitch 😂', 'amusement', 'anger'], [1376, 'At my job I can/Do get laid a lot so the second one!!', 'approval', 'neutral'], [3261, "I wouldn't say age would stop it just lessen the affect of it but probably start to notice it around mid to late 30's.", 'realization', 'neutral'], [3143, "Good luck for everyone pronouncing [NAME] name. If he keeps scoring like this, i'll have fun listening some commentators around NHL.", 'gratitude', 'joy'], [1629, "Couldn't have happened to a nicer person.", 'sadness', 'neutral'], [369, 'Wow, 5 downvotes in 3 minutes. Go you!', 'surprise', 'excitement']]
Metrics:
F1: 0.5057518292168375 
Accuracy: 0.6159041394335512
Results: {'f1': [0.36771903761873015, 0.3746738850657536, 0.3943049155172683, 0.41473768184060394, 0.393695365068095, 0.4404997510131294, 0.4569572047875598, 0.472740594560232, 0.5057518292168375], 'accuracy': [0.5576077396657871, 0.5699208443271768, 0.5925681618293756, 0.5925681618293756, 0.5806948109058927, 0.6046613896218118, 0.6062005277044855, 0.6145558487247141, 0.6159041394335512], 'duration': [37.62504482269287, 70.8599305152893, 104.27784514427185, 137.7636058330536, 171.3385419845581, 204.8714644908905, 238.42134284973145, 271.9881241321564, 275.3872880935669], 'reports': ['                precision    recall  f1-score   support\n\n    admiration       0.60      0.79      0.68       326\n     amusement       0.58      0.89      0.70       208\n         anger       0.26      0.08      0.13       109\n     annoyance       0.20      0.43      0.27       164\n      approval       0.52      0.16      0.24       258\n        caring       0.47      0.28      0.35        96\n     confusion       0.34      0.27      0.30       102\n     curiosity       0.44      0.51      0.47       164\n        desire       0.88      0.40      0.55        52\ndisappointment       0.43      0.07      0.11        91\n   disapproval       0.39      0.38      0.38       212\n       disgust       0.35      0.13      0.19        61\n embarrassment       0.70      0.35      0.47        20\n    excitement       0.58      0.13      0.22        52\n          fear       0.74      0.24      0.36        58\n     gratitude       0.85      0.93      0.89       261\n         grief       0.00      0.00      0.00         6\n           joy       0.56      0.42      0.48       106\n          love       0.74      0.82      0.78       173\n   nervousness       0.00      0.00      0.00         8\n      optimism       0.79      0.40      0.53       119\n         pride       0.00      0.00      0.00         9\n   realization       0.00      0.00      0.00        74\n        relief       0.00      0.00      0.00         8\n       remorse       0.59      0.88      0.71        40\n       sadness       0.34      0.57      0.43        84\n      surprise       0.40      0.39      0.40        95\n       neutral       0.61      0.69      0.65      1592\n\n      accuracy                           0.56      4548\n     macro avg       0.44      0.36      0.37      4548\n  weighted avg       0.55      0.56      0.53      4548\n', '                precision    recall  f1-score   support\n\n    admiration       0.68      0.71      0.69       326\n     amusement       0.73      0.86      0.79       208\n         anger       0.41      0.56      0.47       109\n     annoyance       0.35      0.12      0.17       164\n      approval       0.75      0.06      0.11       258\n        caring       0.00      0.00      0.00        96\n     confusion       0.35      0.11      0.17       102\n     curiosity       0.47      0.54      0.50       164\n        desire       0.76      0.31      0.44        52\ndisappointment       0.15      0.05      0.08        91\n   disapproval       0.30      0.43      0.35       212\n       disgust       0.50      0.34      0.41        61\n embarrassment       0.50      0.25      0.33        20\n    excitement       1.00      0.06      0.11        52\n          fear       0.69      0.41      0.52        58\n     gratitude       0.97      0.87      0.92       261\n         grief       0.00      0.00      0.00         6\n           joy       0.56      0.52      0.54       106\n          love       0.74      0.87      0.80       173\n   nervousness       0.00      0.00      0.00         8\n      optimism       0.68      0.50      0.58       119\n         pride       0.00      0.00      0.00         9\n   realization       0.29      0.16      0.21        74\n        relief       0.00      0.00      0.00         8\n       remorse       0.64      0.80      0.71        40\n       sadness       0.68      0.40      0.51        84\n      surprise       0.63      0.36      0.46        95\n       neutral       0.54      0.77      0.63      1592\n\n      accuracy                           0.57      4548\n     macro avg       0.48      0.36      0.37      4548\n  weighted avg       0.57      0.57      0.53      4548\n', '                precision    recall  f1-score   support\n\n    admiration       0.64      0.78      0.70       326\n     amusement       0.73      0.71      0.72       208\n         anger       0.35      0.58      0.43       109\n     annoyance       0.43      0.09      0.15       164\n      approval       0.79      0.13      0.23       258\n        caring       0.50      0.20      0.28        96\n     confusion       0.63      0.24      0.34       102\n     curiosity       0.44      0.47      0.46       164\n        desire       0.72      0.54      0.62        52\ndisappointment       1.00      0.01      0.02        91\n   disapproval       0.48      0.23      0.31       212\n       disgust       0.40      0.44      0.42        61\n embarrassment       0.80      0.20      0.32        20\n    excitement       0.37      0.25      0.30        52\n          fear       0.52      0.55      0.53        58\n     gratitude       0.87      0.91      0.89       261\n         grief       0.00      0.00      0.00         6\n           joy       0.58      0.49      0.53       106\n          love       0.67      0.90      0.77       173\n   nervousness       0.00      0.00      0.00         8\n      optimism       0.67      0.55      0.61       119\n         pride       0.00      0.00      0.00         9\n   realization       0.62      0.14      0.22        74\n        relief       0.00      0.00      0.00         8\n       remorse       0.64      0.57      0.61        40\n       sadness       0.63      0.32      0.43        84\n      surprise       0.66      0.39      0.49        95\n       neutral       0.57      0.82      0.67      1592\n\n      accuracy                           0.59      4548\n     macro avg       0.53      0.38      0.39      4548\n  weighted avg       0.61      0.59      0.55      4548\n', '                precision    recall  f1-score   support\n\n    admiration       0.65      0.78      0.71       326\n     amusement       0.77      0.76      0.77       208\n         anger       0.51      0.43      0.47       109\n     annoyance       0.49      0.15      0.23       164\n      approval       0.46      0.22      0.30       258\n        caring       0.64      0.19      0.29        96\n     confusion       0.61      0.19      0.29       102\n     curiosity       0.42      0.56      0.48       164\n        desire       0.54      0.60      0.57        52\ndisappointment       0.30      0.10      0.15        91\n   disapproval       0.37      0.30      0.33       212\n       disgust       0.30      0.51      0.38        61\n embarrassment       0.53      0.45      0.49        20\n    excitement       0.31      0.29      0.30        52\n          fear       0.60      0.53      0.56        58\n     gratitude       0.95      0.89      0.92       261\n         grief       0.00      0.00      0.00         6\n           joy       0.60      0.55      0.57       106\n          love       0.66      0.91      0.77       173\n   nervousness       0.00      0.00      0.00         8\n      optimism       0.62      0.57      0.59       119\n         pride       1.00      0.11      0.20         9\n   realization       0.86      0.08      0.15        74\n        relief       0.00      0.00      0.00         8\n       remorse       0.65      0.33      0.43        40\n       sadness       0.40      0.64      0.50        84\n      surprise       0.48      0.52      0.50        95\n       neutral       0.61      0.75      0.67      1592\n\n      accuracy                           0.59      4548\n     macro avg       0.51      0.41      0.41      4548\n  weighted avg       0.59      0.59      0.57      4548\n', '                precision    recall  f1-score   support\n\n    admiration       0.46      0.89      0.61       326\n     amusement       0.69      0.84      0.76       208\n         anger       0.39      0.54      0.46       109\n     annoyance       0.52      0.14      0.22       164\n      approval       0.63      0.15      0.24       258\n        caring       0.54      0.32      0.41        96\n     confusion       0.50      0.19      0.27       102\n     curiosity       0.48      0.44      0.46       164\n        desire       0.86      0.35      0.49        52\ndisappointment       0.17      0.01      0.02        91\n   disapproval       0.45      0.10      0.16       212\n       disgust       0.53      0.33      0.40        61\n embarrassment       0.56      0.25      0.34        20\n    excitement       0.46      0.21      0.29        52\n          fear       0.51      0.66      0.57        58\n     gratitude       0.95      0.90      0.93       261\n         grief       0.00      0.00      0.00         6\n           joy       0.81      0.21      0.33       106\n          love       0.71      0.69      0.70       173\n   nervousness       0.20      0.12      0.15         8\n      optimism       0.65      0.56      0.60       119\n         pride       0.00      0.00      0.00         9\n   realization       0.58      0.20      0.30        74\n        relief       0.00      0.00      0.00         8\n       remorse       0.66      0.53      0.58        40\n       sadness       0.46      0.58      0.51        84\n      surprise       0.50      0.59      0.54        95\n       neutral       0.58      0.77      0.66      1592\n\n      accuracy                           0.58      4548\n     macro avg       0.49      0.38      0.39      4548\n  weighted avg       0.58      0.58      0.54      4548\n', '                precision    recall  f1-score   support\n\n    admiration       0.61      0.83      0.70       326\n     amusement       0.68      0.91      0.77       208\n         anger       0.46      0.50      0.48       109\n     annoyance       0.48      0.13      0.20       164\n      approval       0.63      0.20      0.30       258\n        caring       0.50      0.47      0.48        96\n     confusion       0.46      0.29      0.36       102\n     curiosity       0.43      0.68      0.53       164\n        desire       0.60      0.48      0.53        52\ndisappointment       0.29      0.21      0.24        91\n   disapproval       0.51      0.13      0.20       212\n       disgust       0.46      0.44      0.45        61\n embarrassment       0.56      0.45      0.50        20\n    excitement       0.28      0.33      0.30        52\n          fear       0.83      0.43      0.57        58\n     gratitude       0.94      0.90      0.92       261\n         grief       0.00      0.00      0.00         6\n           joy       0.58      0.57      0.57       106\n          love       0.71      0.90      0.80       173\n   nervousness       0.00      0.00      0.00         8\n      optimism       0.73      0.51      0.60       119\n         pride       0.50      0.11      0.18         9\n   realization       0.58      0.20      0.30        74\n        relief       0.00      0.00      0.00         8\n       remorse       0.60      0.60      0.60        40\n       sadness       0.51      0.58      0.54        84\n      surprise       0.54      0.51      0.52        95\n       neutral       0.61      0.74      0.67      1592\n\n      accuracy                           0.60      4548\n     macro avg       0.50      0.43      0.44      4548\n  weighted avg       0.60      0.60      0.58      4548\n', '                precision    recall  f1-score   support\n\n    admiration       0.60      0.83      0.69       326\n     amusement       0.71      0.89      0.79       208\n         anger       0.44      0.51      0.47       109\n     annoyance       0.35      0.25      0.29       164\n      approval       0.50      0.27      0.35       258\n        caring       0.58      0.39      0.46        96\n     confusion       0.45      0.32      0.38       102\n     curiosity       0.47      0.38      0.42       164\n        desire       0.58      0.54      0.56        52\ndisappointment       0.33      0.16      0.22        91\n   disapproval       0.48      0.29      0.36       212\n       disgust       0.46      0.43      0.44        61\n embarrassment       0.60      0.45      0.51        20\n    excitement       0.43      0.25      0.32        52\n          fear       0.53      0.72      0.61        58\n     gratitude       0.94      0.90      0.92       261\n         grief       0.00      0.00      0.00         6\n           joy       0.58      0.59      0.59       106\n          love       0.72      0.90      0.80       173\n   nervousness       0.00      0.00      0.00         8\n      optimism       0.59      0.61      0.60       119\n         pride       1.00      0.22      0.36         9\n   realization       0.56      0.20      0.30        74\n        relief       0.00      0.00      0.00         8\n       remorse       0.63      0.65      0.64        40\n       sadness       0.45      0.58      0.51        84\n      surprise       0.49      0.57      0.52        95\n       neutral       0.64      0.71      0.67      1592\n\n      accuracy                           0.61      4548\n     macro avg       0.50      0.45      0.46      4548\n  weighted avg       0.59      0.61      0.59      4548\n', '                precision    recall  f1-score   support\n\n    admiration       0.66      0.81      0.73       326\n     amusement       0.72      0.89      0.80       208\n         anger       0.40      0.50      0.44       109\n     annoyance       0.37      0.23      0.28       164\n      approval       0.50      0.28      0.36       258\n        caring       0.60      0.45      0.51        96\n     confusion       0.48      0.31      0.38       102\n     curiosity       0.45      0.52      0.49       164\n        desire       0.61      0.52      0.56        52\ndisappointment       0.37      0.16      0.23        91\n   disapproval       0.44      0.29      0.35       212\n       disgust       0.45      0.48      0.46        61\n embarrassment       0.64      0.45      0.53        20\n    excitement       0.36      0.33      0.34        52\n          fear       0.70      0.66      0.68        58\n     gratitude       0.92      0.90      0.91       261\n         grief       0.00      0.00      0.00         6\n           joy       0.62      0.54      0.58       106\n          love       0.71      0.90      0.79       173\n   nervousness       0.33      0.12      0.18         8\n      optimism       0.62      0.61      0.61       119\n         pride       1.00      0.22      0.36         9\n   realization       0.56      0.19      0.28        74\n        relief       0.00      0.00      0.00         8\n       remorse       0.61      0.62      0.62        40\n       sadness       0.46      0.63      0.54        84\n      surprise       0.56      0.54      0.55        95\n       neutral       0.64      0.73      0.68      1592\n\n      accuracy                           0.61      4548\n     macro avg       0.53      0.46      0.47      4548\n  weighted avg       0.60      0.61      0.60      4548\n', '                precision    recall  f1-score   support\n\n    admiration       0.62      0.75      0.68       348\n     amusement       0.76      0.88      0.82       186\n         anger       0.50      0.45      0.47       131\n     annoyance       0.39      0.22      0.28       194\n      approval       0.50      0.33      0.40       236\n        caring       0.53      0.48      0.50        86\n     confusion       0.42      0.39      0.40        97\n     curiosity       0.51      0.57      0.53       176\n        desire       0.60      0.38      0.46        56\ndisappointment       0.53      0.22      0.31        88\n   disapproval       0.41      0.34      0.37       195\n       disgust       0.58      0.50      0.54        76\n embarrassment       0.59      0.43      0.50        23\n    excitement       0.49      0.44      0.46        57\n          fear       0.71      0.74      0.72        65\n     gratitude       0.92      0.90      0.91       260\n         grief       0.00      0.00      0.00         2\n           joy       0.54      0.62      0.58        93\n          love       0.74      0.88      0.80       160\n   nervousness       0.70      0.58      0.64        12\n      optimism       0.59      0.62      0.60       107\n         pride       0.50      0.29      0.36         7\n   realization       0.41      0.16      0.23        89\n        relief       1.00      0.14      0.25         7\n       remorse       0.61      0.80      0.69        44\n       sadness       0.56      0.55      0.55       102\n      surprise       0.46      0.37      0.41        87\n       neutral       0.64      0.73      0.68      1606\n\n      accuracy                           0.62      4590\n     macro avg       0.56      0.49      0.51      4590\n  weighted avg       0.60      0.62      0.60      4590\n'], 'final': {'f1': 0.5057518292168375, 'accuracy': 0.6159041394335512, 'duration': 275.4345738887787, 'report': '                precision    recall  f1-score   support\n\n    admiration       0.62      0.75      0.68       348\n     amusement       0.76      0.88      0.82       186\n         anger       0.50      0.45      0.47       131\n     annoyance       0.39      0.22      0.28       194\n      approval       0.50      0.33      0.40       236\n        caring       0.53      0.48      0.50        86\n     confusion       0.42      0.39      0.40        97\n     curiosity       0.51      0.57      0.53       176\n        desire       0.60      0.38      0.46        56\ndisappointment       0.53      0.22      0.31        88\n   disapproval       0.41      0.34      0.37       195\n       disgust       0.58      0.50      0.54        76\n embarrassment       0.59      0.43      0.50        23\n    excitement       0.49      0.44      0.46        57\n          fear       0.71      0.74      0.72        65\n     gratitude       0.92      0.90      0.91       260\n         grief       0.00      0.00      0.00         2\n           joy       0.54      0.62      0.58        93\n          love       0.74      0.88      0.80       160\n   nervousness       0.70      0.58      0.64        12\n      optimism       0.59      0.62      0.60       107\n         pride       0.50      0.29      0.36         7\n   realization       0.41      0.16      0.23        89\n        relief       1.00      0.14      0.25         7\n       remorse       0.61      0.80      0.69        44\n       sadness       0.56      0.55      0.55       102\n      surprise       0.46      0.37      0.41        87\n       neutral       0.64      0.73      0.68      1606\n\n      accuracy                           0.62      4590\n     macro avg       0.56      0.49      0.51      4590\n  weighted avg       0.60      0.62      0.60      4590\n'}}
Final Report:
                 precision    recall  f1-score   support

    admiration       0.62      0.75      0.68       348
     amusement       0.76      0.88      0.82       186
         anger       0.50      0.45      0.47       131
     annoyance       0.39      0.22      0.28       194
      approval       0.50      0.33      0.40       236
        caring       0.53      0.48      0.50        86
     confusion       0.42      0.39      0.40        97
     curiosity       0.51      0.57      0.53       176
        desire       0.60      0.38      0.46        56
disappointment       0.53      0.22      0.31        88
   disapproval       0.41      0.34      0.37       195
       disgust       0.58      0.50      0.54        76
 embarrassment       0.59      0.43      0.50        23
    excitement       0.49      0.44      0.46        57
          fear       0.71      0.74      0.72        65
     gratitude       0.92      0.90      0.91       260
         grief       0.00      0.00      0.00         2
           joy       0.54      0.62      0.58        93
          love       0.74      0.88      0.80       160
   nervousness       0.70      0.58      0.64        12
      optimism       0.59      0.62      0.60       107
         pride       0.50      0.29      0.36         7
   realization       0.41      0.16      0.23        89
        relief       1.00      0.14      0.25         7
       remorse       0.61      0.80      0.69        44
       sadness       0.56      0.55      0.55       102
      surprise       0.46      0.37      0.41        87
       neutral       0.64      0.73      0.68      1606

      accuracy                           0.62      4590
     macro avg       0.56      0.49      0.51      4590
  weighted avg       0.60      0.62      0.60      4590

F1 scores: [0.36771903761873015, 0.3746738850657536, 0.3943049155172683, 0.41473768184060394, 0.393695365068095, 0.4404997510131294, 0.4569572047875598, 0.472740594560232, 0.5057518292168375]
Accuracies: [0.5576077396657871, 0.5699208443271768, 0.5925681618293756, 0.5925681618293756, 0.5806948109058927, 0.6046613896218118, 0.6062005277044855, 0.6145558487247141, 0.6159041394335512]
Durations: [37.62504482269287, 70.8599305152893, 104.27784514427185, 137.7636058330536, 171.3385419845581, 204.8714644908905, 238.42134284973145, 271.9881241321564, 275.3872880935669]
log_history: [{'loss': 1.8047, 'grad_norm': 4.289691925048828, 'learning_rate': 0.000925990675990676, 'epoch': 1.0, 'step': 1135}, {'eval_loss': 1.5330264568328857, 'eval_accuracy': 0.5576077396657871, 'eval_f1': 0.36771903761873015, 'eval_classification_report': '                precision    recall  f1-score   support\n\n    admiration       0.60      0.79      0.68       326\n     amusement       0.58      0.89      0.70       208\n         anger       0.26      0.08      0.13       109\n     annoyance       0.20      0.43      0.27       164\n      approval       0.52      0.16      0.24       258\n        caring       0.47      0.28      0.35        96\n     confusion       0.34      0.27      0.30       102\n     curiosity       0.44      0.51      0.47       164\n        desire       0.88      0.40      0.55        52\ndisappointment       0.43      0.07      0.11        91\n   disapproval       0.39      0.38      0.38       212\n       disgust       0.35      0.13      0.19        61\n embarrassment       0.70      0.35      0.47        20\n    excitement       0.58      0.13      0.22        52\n          fear       0.74      0.24      0.36        58\n     gratitude       0.85      0.93      0.89       261\n         grief       0.00      0.00      0.00         6\n           joy       0.56      0.42      0.48       106\n          love       0.74      0.82      0.78       173\n   nervousness       0.00      0.00      0.00         8\n      optimism       0.79      0.40      0.53       119\n         pride       0.00      0.00      0.00         9\n   realization       0.00      0.00      0.00        74\n        relief       0.00      0.00      0.00         8\n       remorse       0.59      0.88      0.71        40\n       sadness       0.34      0.57      0.43        84\n      surprise       0.40      0.39      0.40        95\n       neutral       0.61      0.69      0.65      1592\n\n      accuracy                           0.56      4548\n     macro avg       0.44      0.36      0.37      4548\n  weighted avg       0.55      0.56      0.53      4548\n', 'eval_runtime': 3.0417, 'eval_samples_per_second': 1495.217, 'eval_steps_per_second': 47.013, 'epoch': 1.0, 'step': 1135}, {'loss': 1.5603, 'grad_norm': 3.943232774734497, 'learning_rate': 0.0007937062937062938, 'epoch': 2.0, 'step': 2270}, {'eval_loss': 1.4622600078582764, 'eval_accuracy': 0.5699208443271768, 'eval_f1': 0.3746738850657536, 'eval_classification_report': '                precision    recall  f1-score   support\n\n    admiration       0.68      0.71      0.69       326\n     amusement       0.73      0.86      0.79       208\n         anger       0.41      0.56      0.47       109\n     annoyance       0.35      0.12      0.17       164\n      approval       0.75      0.06      0.11       258\n        caring       0.00      0.00      0.00        96\n     confusion       0.35      0.11      0.17       102\n     curiosity       0.47      0.54      0.50       164\n        desire       0.76      0.31      0.44        52\ndisappointment       0.15      0.05      0.08        91\n   disapproval       0.30      0.43      0.35       212\n       disgust       0.50      0.34      0.41        61\n embarrassment       0.50      0.25      0.33        20\n    excitement       1.00      0.06      0.11        52\n          fear       0.69      0.41      0.52        58\n     gratitude       0.97      0.87      0.92       261\n         grief       0.00      0.00      0.00         6\n           joy       0.56      0.52      0.54       106\n          love       0.74      0.87      0.80       173\n   nervousness       0.00      0.00      0.00         8\n      optimism       0.68      0.50      0.58       119\n         pride       0.00      0.00      0.00         9\n   realization       0.29      0.16      0.21        74\n        relief       0.00      0.00      0.00         8\n       remorse       0.64      0.80      0.71        40\n       sadness       0.68      0.40      0.51        84\n      surprise       0.63      0.36      0.46        95\n       neutral       0.54      0.77      0.63      1592\n\n      accuracy                           0.57      4548\n     macro avg       0.48      0.36      0.37      4548\n  weighted avg       0.57      0.57      0.53      4548\n', 'eval_runtime': 3.0704, 'eval_samples_per_second': 1481.259, 'eval_steps_per_second': 46.574, 'epoch': 2.0, 'step': 2270}, {'loss': 1.4808, 'grad_norm': 3.5038530826568604, 'learning_rate': 0.0006614219114219114, 'epoch': 3.0, 'step': 3405}, {'eval_loss': 1.396160364151001, 'eval_accuracy': 0.5925681618293756, 'eval_f1': 0.3943049155172683, 'eval_classification_report': '                precision    recall  f1-score   support\n\n    admiration       0.64      0.78      0.70       326\n     amusement       0.73      0.71      0.72       208\n         anger       0.35      0.58      0.43       109\n     annoyance       0.43      0.09      0.15       164\n      approval       0.79      0.13      0.23       258\n        caring       0.50      0.20      0.28        96\n     confusion       0.63      0.24      0.34       102\n     curiosity       0.44      0.47      0.46       164\n        desire       0.72      0.54      0.62        52\ndisappointment       1.00      0.01      0.02        91\n   disapproval       0.48      0.23      0.31       212\n       disgust       0.40      0.44      0.42        61\n embarrassment       0.80      0.20      0.32        20\n    excitement       0.37      0.25      0.30        52\n          fear       0.52      0.55      0.53        58\n     gratitude       0.87      0.91      0.89       261\n         grief       0.00      0.00      0.00         6\n           joy       0.58      0.49      0.53       106\n          love       0.67      0.90      0.77       173\n   nervousness       0.00      0.00      0.00         8\n      optimism       0.67      0.55      0.61       119\n         pride       0.00      0.00      0.00         9\n   realization       0.62      0.14      0.22        74\n        relief       0.00      0.00      0.00         8\n       remorse       0.64      0.57      0.61        40\n       sadness       0.63      0.32      0.43        84\n      surprise       0.66      0.39      0.49        95\n       neutral       0.57      0.82      0.67      1592\n\n      accuracy                           0.59      4548\n     macro avg       0.53      0.38      0.39      4548\n  weighted avg       0.61      0.59      0.55      4548\n', 'eval_runtime': 3.0819, 'eval_samples_per_second': 1475.737, 'eval_steps_per_second': 46.401, 'epoch': 3.0, 'step': 3405}, {'loss': 1.4162, 'grad_norm': 3.153602123260498, 'learning_rate': 0.0005291375291375291, 'epoch': 4.0, 'step': 4540}, {'eval_loss': 1.370528221130371, 'eval_accuracy': 0.5925681618293756, 'eval_f1': 0.41473768184060394, 'eval_classification_report': '                precision    recall  f1-score   support\n\n    admiration       0.65      0.78      0.71       326\n     amusement       0.77      0.76      0.77       208\n         anger       0.51      0.43      0.47       109\n     annoyance       0.49      0.15      0.23       164\n      approval       0.46      0.22      0.30       258\n        caring       0.64      0.19      0.29        96\n     confusion       0.61      0.19      0.29       102\n     curiosity       0.42      0.56      0.48       164\n        desire       0.54      0.60      0.57        52\ndisappointment       0.30      0.10      0.15        91\n   disapproval       0.37      0.30      0.33       212\n       disgust       0.30      0.51      0.38        61\n embarrassment       0.53      0.45      0.49        20\n    excitement       0.31      0.29      0.30        52\n          fear       0.60      0.53      0.56        58\n     gratitude       0.95      0.89      0.92       261\n         grief       0.00      0.00      0.00         6\n           joy       0.60      0.55      0.57       106\n          love       0.66      0.91      0.77       173\n   nervousness       0.00      0.00      0.00         8\n      optimism       0.62      0.57      0.59       119\n         pride       1.00      0.11      0.20         9\n   realization       0.86      0.08      0.15        74\n        relief       0.00      0.00      0.00         8\n       remorse       0.65      0.33      0.43        40\n       sadness       0.40      0.64      0.50        84\n      surprise       0.48      0.52      0.50        95\n       neutral       0.61      0.75      0.67      1592\n\n      accuracy                           0.59      4548\n     macro avg       0.51      0.41      0.41      4548\n  weighted avg       0.59      0.59      0.57      4548\n', 'eval_runtime': 3.0917, 'eval_samples_per_second': 1471.048, 'eval_steps_per_second': 46.253, 'epoch': 4.0, 'step': 4540}, {'loss': 1.3612, 'grad_norm': 3.6919496059417725, 'learning_rate': 0.0003968531468531469, 'epoch': 5.0, 'step': 5675}, {'eval_loss': 1.3713783025741577, 'eval_accuracy': 0.5806948109058927, 'eval_f1': 0.393695365068095, 'eval_classification_report': '                precision    recall  f1-score   support\n\n    admiration       0.46      0.89      0.61       326\n     amusement       0.69      0.84      0.76       208\n         anger       0.39      0.54      0.46       109\n     annoyance       0.52      0.14      0.22       164\n      approval       0.63      0.15      0.24       258\n        caring       0.54      0.32      0.41        96\n     confusion       0.50      0.19      0.27       102\n     curiosity       0.48      0.44      0.46       164\n        desire       0.86      0.35      0.49        52\ndisappointment       0.17      0.01      0.02        91\n   disapproval       0.45      0.10      0.16       212\n       disgust       0.53      0.33      0.40        61\n embarrassment       0.56      0.25      0.34        20\n    excitement       0.46      0.21      0.29        52\n          fear       0.51      0.66      0.57        58\n     gratitude       0.95      0.90      0.93       261\n         grief       0.00      0.00      0.00         6\n           joy       0.81      0.21      0.33       106\n          love       0.71      0.69      0.70       173\n   nervousness       0.20      0.12      0.15         8\n      optimism       0.65      0.56      0.60       119\n         pride       0.00      0.00      0.00         9\n   realization       0.58      0.20      0.30        74\n        relief       0.00      0.00      0.00         8\n       remorse       0.66      0.53      0.58        40\n       sadness       0.46      0.58      0.51        84\n      surprise       0.50      0.59      0.54        95\n       neutral       0.58      0.77      0.66      1592\n\n      accuracy                           0.58      4548\n     macro avg       0.49      0.38      0.39      4548\n  weighted avg       0.58      0.58      0.54      4548\n', 'eval_runtime': 3.0914, 'eval_samples_per_second': 1471.156, 'eval_steps_per_second': 46.257, 'epoch': 5.0, 'step': 5675}, {'loss': 1.2972, 'grad_norm': 3.3803327083587646, 'learning_rate': 0.00026456876456876455, 'epoch': 6.0, 'step': 6810}, {'eval_loss': 1.3240379095077515, 'eval_accuracy': 0.6046613896218118, 'eval_f1': 0.4404997510131294, 'eval_classification_report': '                precision    recall  f1-score   support\n\n    admiration       0.61      0.83      0.70       326\n     amusement       0.68      0.91      0.77       208\n         anger       0.46      0.50      0.48       109\n     annoyance       0.48      0.13      0.20       164\n      approval       0.63      0.20      0.30       258\n        caring       0.50      0.47      0.48        96\n     confusion       0.46      0.29      0.36       102\n     curiosity       0.43      0.68      0.53       164\n        desire       0.60      0.48      0.53        52\ndisappointment       0.29      0.21      0.24        91\n   disapproval       0.51      0.13      0.20       212\n       disgust       0.46      0.44      0.45        61\n embarrassment       0.56      0.45      0.50        20\n    excitement       0.28      0.33      0.30        52\n          fear       0.83      0.43      0.57        58\n     gratitude       0.94      0.90      0.92       261\n         grief       0.00      0.00      0.00         6\n           joy       0.58      0.57      0.57       106\n          love       0.71      0.90      0.80       173\n   nervousness       0.00      0.00      0.00         8\n      optimism       0.73      0.51      0.60       119\n         pride       0.50      0.11      0.18         9\n   realization       0.58      0.20      0.30        74\n        relief       0.00      0.00      0.00         8\n       remorse       0.60      0.60      0.60        40\n       sadness       0.51      0.58      0.54        84\n      surprise       0.54      0.51      0.52        95\n       neutral       0.61      0.74      0.67      1592\n\n      accuracy                           0.60      4548\n     macro avg       0.50      0.43      0.44      4548\n  weighted avg       0.60      0.60      0.58      4548\n', 'eval_runtime': 3.0932, 'eval_samples_per_second': 1470.332, 'eval_steps_per_second': 46.231, 'epoch': 6.0, 'step': 6810}, {'loss': 1.2269, 'grad_norm': 3.839608907699585, 'learning_rate': 0.00013228438228438227, 'epoch': 7.0, 'step': 7945}, {'eval_loss': 1.2854124307632446, 'eval_accuracy': 0.6062005277044855, 'eval_f1': 0.4569572047875598, 'eval_classification_report': '                precision    recall  f1-score   support\n\n    admiration       0.60      0.83      0.69       326\n     amusement       0.71      0.89      0.79       208\n         anger       0.44      0.51      0.47       109\n     annoyance       0.35      0.25      0.29       164\n      approval       0.50      0.27      0.35       258\n        caring       0.58      0.39      0.46        96\n     confusion       0.45      0.32      0.38       102\n     curiosity       0.47      0.38      0.42       164\n        desire       0.58      0.54      0.56        52\ndisappointment       0.33      0.16      0.22        91\n   disapproval       0.48      0.29      0.36       212\n       disgust       0.46      0.43      0.44        61\n embarrassment       0.60      0.45      0.51        20\n    excitement       0.43      0.25      0.32        52\n          fear       0.53      0.72      0.61        58\n     gratitude       0.94      0.90      0.92       261\n         grief       0.00      0.00      0.00         6\n           joy       0.58      0.59      0.59       106\n          love       0.72      0.90      0.80       173\n   nervousness       0.00      0.00      0.00         8\n      optimism       0.59      0.61      0.60       119\n         pride       1.00      0.22      0.36         9\n   realization       0.56      0.20      0.30        74\n        relief       0.00      0.00      0.00         8\n       remorse       0.63      0.65      0.64        40\n       sadness       0.45      0.58      0.51        84\n      surprise       0.49      0.57      0.52        95\n       neutral       0.64      0.71      0.67      1592\n\n      accuracy                           0.61      4548\n     macro avg       0.50      0.45      0.46      4548\n  weighted avg       0.59      0.61      0.59      4548\n', 'eval_runtime': 3.0989, 'eval_samples_per_second': 1467.638, 'eval_steps_per_second': 46.146, 'epoch': 7.0, 'step': 7945}, {'loss': 1.1281, 'grad_norm': 3.774216890335083, 'learning_rate': 0.0, 'epoch': 8.0, 'step': 9080}, {'eval_loss': 1.2623873949050903, 'eval_accuracy': 0.6145558487247141, 'eval_f1': 0.472740594560232, 'eval_classification_report': '                precision    recall  f1-score   support\n\n    admiration       0.66      0.81      0.73       326\n     amusement       0.72      0.89      0.80       208\n         anger       0.40      0.50      0.44       109\n     annoyance       0.37      0.23      0.28       164\n      approval       0.50      0.28      0.36       258\n        caring       0.60      0.45      0.51        96\n     confusion       0.48      0.31      0.38       102\n     curiosity       0.45      0.52      0.49       164\n        desire       0.61      0.52      0.56        52\ndisappointment       0.37      0.16      0.23        91\n   disapproval       0.44      0.29      0.35       212\n       disgust       0.45      0.48      0.46        61\n embarrassment       0.64      0.45      0.53        20\n    excitement       0.36      0.33      0.34        52\n          fear       0.70      0.66      0.68        58\n     gratitude       0.92      0.90      0.91       261\n         grief       0.00      0.00      0.00         6\n           joy       0.62      0.54      0.58       106\n          love       0.71      0.90      0.79       173\n   nervousness       0.33      0.12      0.18         8\n      optimism       0.62      0.61      0.61       119\n         pride       1.00      0.22      0.36         9\n   realization       0.56      0.19      0.28        74\n        relief       0.00      0.00      0.00         8\n       remorse       0.61      0.62      0.62        40\n       sadness       0.46      0.63      0.54        84\n      surprise       0.56      0.54      0.55        95\n       neutral       0.64      0.73      0.68      1592\n\n      accuracy                           0.61      4548\n     macro avg       0.53      0.46      0.47      4548\n  weighted avg       0.60      0.61      0.60      4548\n', 'eval_runtime': 3.0945, 'eval_samples_per_second': 1469.705, 'eval_steps_per_second': 46.211, 'epoch': 8.0, 'step': 9080}, {'train_runtime': 267.6853, 'train_samples_per_second': 1085.095, 'train_steps_per_second': 33.92, 'total_flos': 5450357510123232.0, 'train_loss': 1.4094337900304583, 'epoch': 8.0, 'step': 9080}]
Training Losses ( 8 ): [1.8047, 1.5603, 1.4808, 1.4162, 1.3612, 1.2972, 1.2269, 1.1281]
Validation Losses ( 8 ): [1.5330264568328857, 1.4622600078582764, 1.396160364151001, 1.370528221130371, 1.3713783025741577, 1.3240379095077515, 1.2854124307632446, 1.2623873949050903]
Graphs saved to disk
